[SNIPER] (0) Using trace file /root/codes/Victima/traces/gen.sift
[SNIPER] (1) Using trace file /root/codes/Victima/traces/gen.sift
[SNIPER] (2) Using trace file /root/codes/Victima/traces/gen.sift
[SNIPER] (3) Using trace file /root/codes/Victima/traces/gen.sift
[SNIPER] (4) Using trace file /root/codes/Victima/traces/gen.sift
[SNIPER] (5) Using trace file /root/codes/Victima/traces/gen.sift
[SNIPER] (6) Using trace file /root/codes/Victima/traces/gen.sift
[SNIPER] (7) Using trace file /root/codes/Victima/traces/gen.sift
[SNIPER] Start here
True
[SNIPER] Running ['bash', '-c', '/root/codes/Victima/sniper/lib/sniper -c /root/codes/Victima/sniper/config/base.cfg --general/total_cores=1 --general/output_dir=/root/codes/UniNDP-virtuoso/test/NDP/8core/gen -g --traceinput/mirror_output=true --config=/root/codes/Victima/sniper/config/nehalem.cfg --config=/root/codes/Victima/sniper/config/utopia_motivation_baseline.cfg --config=/root/codes/Victima/sniper/config/virtual_memory_configs/common_translation.cfg --config=/root/codes/Victima/sniper/config/UniNDP/configs/UniNDP_baseline_NDP.cfg --config=/root/codes/Victima/sniper/config/UniNDP/NDP/baseline_NDP_8core.cfg -g --traceinput/stop_with_first_app=true -g --traceinput/restart_apps=false -g --hooks/numscripts=1 -g --hooks/script0name=/root/codes/UniNDP-virtuoso/test/NDP/8core/gen/sim.scripts.py -g --hooks/script0args= -g --traceinput/enabled=true -g --traceinput/emulate_syscalls=false -g --traceinput/num_apps=8 -g --traceinput/thread_0=/root/codes/Victima/traces/gen.sift -g --traceinput/thread_1=/root/codes/Victima/traces/gen.sift -g --traceinput/thread_2=/root/codes/Victima/traces/gen.sift -g --traceinput/thread_3=/root/codes/Victima/traces/gen.sift -g --traceinput/thread_4=/root/codes/Victima/traces/gen.sift -g --traceinput/thread_5=/root/codes/Victima/traces/gen.sift -g --traceinput/thread_6=/root/codes/Victima/traces/gen.sift -g --traceinput/thread_7=/root/codes/Victima/traces/gen.sift']
<subprocess.Popen object at 0x1474743c5c50>
Starting simLet's load config
config_path
Allocating Simulator
Hello from simulator's constructor
Hello from simulator
Supporting 2page sizes: 12, 21, POTM Latency: 0
Creating pwc_L4 cache with 4 sets, 4-way associative, 8B blocksize
Creating pwc_L3 cache with 4 sets, 4-way associative, 8B blocksize
Creating pwc_L2 cache with 8 sets, 4-way associative, 8B blocksize
0
0
60
100
Registered special metric: ptw_latency_heatmap
Creating stlb_cache cache with 128 sets, 12-way associative, 4096B blocksize
Creating itlb_cache cache with 16 sets, 8-way associative, 4096B blocksize
Creating dtlb_cache cache with 16 sets, 4-way associative, 4096B blocksize
Registered special metric: L2_TLB_miss_per_page
Registering cache time series
Registered special metric: cache_timeseries
Creating nuca-cache cache with 1 sets, 16-way associative, 64B blocksize
Attaching Nuca to PTW
Core : 0
Directory type : limited_no_broadcast
Total Entries : 33554432
Associativity : 16
Cache Block Size : 64
Max hw sharers : 64
Max Num Sharers : 8
Initializing cache L 2
Creating L1-I cache with 64 sets, 8-way associative, 64B blocksize
Initializing cache L 3
Creating L1-D cache with 64 sets, 8-way associative, 64B blocksize
Initializing cache L 4
Creating L2 cache with 1 sets, 16-way associative, 64B blocksize
Supporting 2page sizes: 12, 21, POTM Latency: 0
Creating pwc_L4 cache with 4 sets, 4-way associative, 8B blocksize
Creating pwc_L3 cache with 4 sets, 4-way associative, 8B blocksize
Creating pwc_L2 cache with 8 sets, 4-way associative, 8B blocksize
0
0
60
100
Registered special metric: ptw_latency_heatmap
Creating stlb_cache cache with 128 sets, 12-way associative, 4096B blocksize
Creating itlb_cache cache with 16 sets, 8-way associative, 4096B blocksize
Creating dtlb_cache cache with 16 sets, 4-way associative, 4096B blocksize
Registered special metric: L2_TLB_miss_per_page
Registering cache time series
Registered special metric: cache_timeseries
Creating nuca-cache cache with 1 sets, 16-way associative, 64B blocksize
Attaching Nuca to PTW
Core : 1
Directory type : limited_no_broadcast
Total Entries : 33554432
Associativity : 16
Cache Block Size : 64
Max hw sharers : 64
Max Num Sharers : 8
Initializing cache L 2
Creating L1-I cache with 64 sets, 8-way associative, 64B blocksize
Initializing cache L 3
Creating L1-D cache with 64 sets, 8-way associative, 64B blocksize
Initializing cache L 4
Creating L2 cache with 1 sets, 16-way associative, 64B blocksize
Supporting 2page sizes: 12, 21, POTM Latency: 0
Creating pwc_L4 cache with 4 sets, 4-way associative, 8B blocksize
Creating pwc_L3 cache with 4 sets, 4-way associative, 8B blocksize
Creating pwc_L2 cache with 8 sets, 4-way associative, 8B blocksize
0
0
60
100
Registered special metric: ptw_latency_heatmap
Creating stlb_cache cache with 128 sets, 12-way associative, 4096B blocksize
Creating itlb_cache cache with 16 sets, 8-way associative, 4096B blocksize
Creating dtlb_cache cache with 16 sets, 4-way associative, 4096B blocksize
Registered special metric: L2_TLB_miss_per_page
Registering cache time series
Registered special metric: cache_timeseries
Creating nuca-cache cache with 1 sets, 16-way associative, 64B blocksize
Attaching Nuca to PTW
Core : 2
Directory type : limited_no_broadcast
Total Entries : 33554432
Associativity : 16
Cache Block Size : 64
Max hw sharers : 64
Max Num Sharers : 8
Initializing cache L 2
Creating L1-I cache with 64 sets, 8-way associative, 64B blocksize
Initializing cache L 3
Creating L1-D cache with 64 sets, 8-way associative, 64B blocksize
Initializing cache L 4
Creating L2 cache with 1 sets, 16-way associative, 64B blocksize
Supporting 2page sizes: 12, 21, POTM Latency: 0
Creating pwc_L4 cache with 4 sets, 4-way associative, 8B blocksize
Creating pwc_L3 cache with 4 sets, 4-way associative, 8B blocksize
Creating pwc_L2 cache with 8 sets, 4-way associative, 8B blocksize
0
0
60
100
Registered special metric: ptw_latency_heatmap
Creating stlb_cache cache with 128 sets, 12-way associative, 4096B blocksize
Creating itlb_cache cache with 16 sets, 8-way associative, 4096B blocksize
Creating dtlb_cache cache with 16 sets, 4-way associative, 4096B blocksize
Registered special metric: L2_TLB_miss_per_page
Registering cache time series
Registered special metric: cache_timeseries
Creating nuca-cache cache with 1 sets, 16-way associative, 64B blocksize
Attaching Nuca to PTW
Core : 3
Directory type : limited_no_broadcast
Total Entries : 33554432
Associativity : 16
Cache Block Size : 64
Max hw sharers : 64
Max Num Sharers : 8
Initializing cache L 2
Creating L1-I cache with 64 sets, 8-way associative, 64B blocksize
Initializing cache L 3
Creating L1-D cache with 64 sets, 8-way associative, 64B blocksize
Initializing cache L 4
Creating L2 cache with 1 sets, 16-way associative, 64B blocksize
Supporting 2page sizes: 12, 21, POTM Latency: 0
Creating pwc_L4 cache with 4 sets, 4-way associative, 8B blocksize
Creating pwc_L3 cache with 4 sets, 4-way associative, 8B blocksize
Creating pwc_L2 cache with 8 sets, 4-way associative, 8B blocksize
0
0
60
100
Registered special metric: ptw_latency_heatmap
Creating stlb_cache cache with 128 sets, 12-way associative, 4096B blocksize
Creating itlb_cache cache with 16 sets, 8-way associative, 4096B blocksize
Creating dtlb_cache cache with 16 sets, 4-way associative, 4096B blocksize
Registered special metric: L2_TLB_miss_per_page
Registering cache time series
Registered special metric: cache_timeseries
Creating nuca-cache cache with 1 sets, 16-way associative, 64B blocksize
Attaching Nuca to PTW
Core : 4
Directory type : limited_no_broadcast
Total Entries : 33554432
Associativity : 16
Cache Block Size : 64
Max hw sharers : 64
Max Num Sharers : 8
Initializing cache L 2
Creating L1-I cache with 64 sets, 8-way associative, 64B blocksize
Initializing cache L 3
Creating L1-D cache with 64 sets, 8-way associative, 64B blocksize
Initializing cache L 4
Creating L2 cache with 1 sets, 16-way associative, 64B blocksize
Supporting 2page sizes: 12, 21, POTM Latency: 0
Creating pwc_L4 cache with 4 sets, 4-way associative, 8B blocksize
Creating pwc_L3 cache with 4 sets, 4-way associative, 8B blocksize
Creating pwc_L2 cache with 8 sets, 4-way associative, 8B blocksize
0
0
60
100
Registered special metric: ptw_latency_heatmap
Creating stlb_cache cache with 128 sets, 12-way associative, 4096B blocksize
Creating itlb_cache cache with 16 sets, 8-way associative, 4096B blocksize
Creating dtlb_cache cache with 16 sets, 4-way associative, 4096B blocksize
Registered special metric: L2_TLB_miss_per_page
Registering cache time series
Registered special metric: cache_timeseries
Creating nuca-cache cache with 1 sets, 16-way associative, 64B blocksize
Attaching Nuca to PTW
Core : 5
Directory type : limited_no_broadcast
Total Entries : 33554432
Associativity : 16
Cache Block Size : 64
Max hw sharers : 64
Max Num Sharers : 8
Initializing cache L 2
Creating L1-I cache with 64 sets, 8-way associative, 64B blocksize
Initializing cache L 3
Creating L1-D cache with 64 sets, 8-way associative, 64B blocksize
Initializing cache L 4
Creating L2 cache with 1 sets, 16-way associative, 64B blocksize
Supporting 2page sizes: 12, 21, POTM Latency: 0
Creating pwc_L4 cache with 4 sets, 4-way associative, 8B blocksize
Creating pwc_L3 cache with 4 sets, 4-way associative, 8B blocksize
Creating pwc_L2 cache with 8 sets, 4-way associative, 8B blocksize
0
0
60
100
Registered special metric: ptw_latency_heatmap
Creating stlb_cache cache with 128 sets, 12-way associative, 4096B blocksize
Creating itlb_cache cache with 16 sets, 8-way associative, 4096B blocksize
Creating dtlb_cache cache with 16 sets, 4-way associative, 4096B blocksize
Registered special metric: L2_TLB_miss_per_page
Registering cache time series
Registered special metric: cache_timeseries
Creating nuca-cache cache with 1 sets, 16-way associative, 64B blocksize
Attaching Nuca to PTW
Core : 6
Directory type : limited_no_broadcast
Total Entries : 33554432
Associativity : 16
Cache Block Size : 64
Max hw sharers : 64
Max Num Sharers : 8
Initializing cache L 2
Creating L1-I cache with 64 sets, 8-way associative, 64B blocksize
Initializing cache L 3
Creating L1-D cache with 64 sets, 8-way associative, 64B blocksize
Initializing cache L 4
Creating L2 cache with 1 sets, 16-way associative, 64B blocksize
Supporting 2page sizes: 12, 21, POTM Latency: 0
Creating pwc_L4 cache with 4 sets, 4-way associative, 8B blocksize
Creating pwc_L3 cache with 4 sets, 4-way associative, 8B blocksize
Creating pwc_L2 cache with 8 sets, 4-way associative, 8B blocksize
0
0
60
100
Registered special metric: ptw_latency_heatmap
Creating stlb_cache cache with 128 sets, 12-way associative, 4096B blocksize
Creating itlb_cache cache with 16 sets, 8-way associative, 4096B blocksize
Creating dtlb_cache cache with 16 sets, 4-way associative, 4096B blocksize
Registered special metric: L2_TLB_miss_per_page
Registering cache time series
Registered special metric: cache_timeseries
Creating nuca-cache cache with 1 sets, 16-way associative, 64B blocksize
Attaching Nuca to PTW
Core : 7
Directory type : limited_no_broadcast
Total Entries : 33554432
Associativity : 16
Cache Block Size : 64
Max hw sharers : 64
Max Num Sharers : 8
Initializing cache L 2
Creating L1-I cache with 64 sets, 8-way associative, 64B blocksize
Initializing cache L 3
Creating L1-D cache with 64 sets, 8-way associative, 64B blocksize
Initializing cache L 4
Creating L2 cache with 1 sets, 16-way associative, 64B blocksize
Executing Python script /root/codes/UniNDP-virtuoso/test/NDP/8core/gen/sim.scripts.py
[STOPBYICOUNT] Starting in ROI (detail)
[STOPBYICOUNT] Then stopping after simulating at least 2000000000 instructions in detail
[SNIPER] --------------------------------------------------------------------------------
[SNIPER] Sniper using SIFT/trace-driven frontend
[SNIPER] Running full application in DETAILED mode
[SNIPER] --------------------------------------------------------------------------------
[SNIPER] Enabling performance models
[SNIPER] Setting instrumentation mode to DETAILED
[STOPBYICOUNT] Periodic at 100028 delta = 100028 elapsed time = 00:00:16
[STOPBYICOUNT] Periodic at 200044 delta = 100016 elapsed time = 00:00:26
[STOPBYICOUNT] Periodic at 300036 delta = 99992 elapsed time = 00:00:39
[STOPBYICOUNT] Periodic at 400008 delta = 99972 elapsed time = 00:00:54
[STOPBYICOUNT] Periodic at 500026 delta = 100018 elapsed time = 00:01:11
[STOPBYICOUNT] Periodic at 600076 delta = 100050 elapsed time = 00:01:25
[STOPBYICOUNT] Periodic at 700042 delta = 99966 elapsed time = 00:01:38
[STOPBYICOUNT] Periodic at 800070 delta = 100028 elapsed time = 00:01:54
[STOPBYICOUNT] Periodic at 900020 delta = 99950 elapsed time = 00:02:06
[STOPBYICOUNT] Periodic at 1000020 delta = 100000 elapsed time = 00:02:21
[STOPBYICOUNT] Periodic at 1100026 delta = 100006 elapsed time = 00:02:34
[STOPBYICOUNT] Periodic at 1200076 delta = 100050 elapsed time = 00:02:51
[STOPBYICOUNT] Periodic at 1300070 delta = 99994 elapsed time = 00:03:09
[STOPBYICOUNT] Periodic at 1400028 delta = 99958 elapsed time = 00:03:25
[STOPBYICOUNT] Periodic at 1500010 delta = 99982 elapsed time = 00:03:39
[STOPBYICOUNT] Periodic at 1600028 delta = 100018 elapsed time = 00:03:52
[STOPBYICOUNT] Periodic at 1700041 delta = 100013 elapsed time = 00:04:09
[STOPBYICOUNT] Periodic at 1800052 delta = 100011 elapsed time = 00:04:23
[STOPBYICOUNT] Periodic at 1900027 delta = 99975 elapsed time = 00:04:37
[STOPBYICOUNT] Periodic at 2000030 delta = 100003 elapsed time = 00:04:55
[STOPBYICOUNT] Periodic at 2100051 delta = 100021 elapsed time = 00:05:11
[STOPBYICOUNT] Periodic at 2200065 delta = 100014 elapsed time = 00:05:23
[STOPBYICOUNT] Periodic at 2300043 delta = 99978 elapsed time = 00:05:34
[STOPBYICOUNT] Periodic at 2400022 delta = 99979 elapsed time = 00:05:53
[STOPBYICOUNT] Periodic at 2500016 delta = 99994 elapsed time = 00:06:06
[STOPBYICOUNT] Periodic at 2600020 delta = 100004 elapsed time = 00:06:18
[STOPBYICOUNT] Periodic at 2700027 delta = 100007 elapsed time = 00:06:31
[STOPBYICOUNT] Periodic at 2800026 delta = 99999 elapsed time = 00:06:49
[STOPBYICOUNT] Periodic at 2900012 delta = 99986 elapsed time = 00:07:01
[STOPBYICOUNT] Periodic at 3000044 delta = 100032 elapsed time = 00:07:13
[STOPBYICOUNT] Periodic at 3100034 delta = 99990 elapsed time = 00:07:28
[STOPBYICOUNT] Periodic at 3200020 delta = 99986 elapsed time = 00:07:45
[STOPBYICOUNT] Periodic at 3300030 delta = 100010 elapsed time = 00:07:57
[STOPBYICOUNT] Periodic at 3400031 delta = 100001 elapsed time = 00:08:11
[STOPBYICOUNT] Periodic at 3500029 delta = 99998 elapsed time = 00:08:24
[STOPBYICOUNT] Periodic at 3600015 delta = 99986 elapsed time = 00:08:40
[STOPBYICOUNT] Periodic at 3700034 delta = 100019 elapsed time = 00:08:55
[STOPBYICOUNT] Periodic at 3800057 delta = 100023 elapsed time = 00:09:10
[STOPBYICOUNT] Periodic at 3900057 delta = 100000 elapsed time = 00:09:23
[STOPBYICOUNT] Periodic at 4000032 delta = 99975 elapsed time = 00:09:40
[STOPBYICOUNT] Periodic at 4100066 delta = 100034 elapsed time = 00:09:57
[STOPBYICOUNT] Periodic at 4200044 delta = 99978 elapsed time = 00:10:15
[STOPBYICOUNT] Periodic at 4300042 delta = 99998 elapsed time = 00:10:31
[STOPBYICOUNT] Periodic at 4400030 delta = 99988 elapsed time = 00:10:48
[STOPBYICOUNT] Periodic at 4500036 delta = 100006 elapsed time = 00:11:04
[STOPBYICOUNT] Periodic at 4600024 delta = 99988 elapsed time = 00:11:22
[STOPBYICOUNT] Periodic at 4700019 delta = 99995 elapsed time = 00:11:37
[STOPBYICOUNT] Periodic at 4800028 delta = 100009 elapsed time = 00:11:51
[STOPBYICOUNT] Periodic at 4900022 delta = 99994 elapsed time = 00:12:11
[STOPBYICOUNT] Periodic at 5000042 delta = 100020 elapsed time = 00:12:28
[STOPBYICOUNT] Periodic at 5100036 delta = 99994 elapsed time = 00:12:42
[STOPBYICOUNT] Periodic at 5200034 delta = 99998 elapsed time = 00:12:55
[STOPBYICOUNT] Periodic at 5300026 delta = 99992 elapsed time = 00:13:11
[STOPBYICOUNT] Periodic at 5400014 delta = 99988 elapsed time = 00:13:30
[STOPBYICOUNT] Periodic at 5500019 delta = 100005 elapsed time = 00:13:44
[STOPBYICOUNT] Periodic at 5600021 delta = 100002 elapsed time = 00:13:59
[STOPBYICOUNT] Periodic at 5700028 delta = 100007 elapsed time = 00:14:14
[STOPBYICOUNT] Periodic at 5800022 delta = 99994 elapsed time = 00:14:31
[STOPBYICOUNT] Periodic at 5900024 delta = 100002 elapsed time = 00:14:46
[STOPBYICOUNT] Periodic at 6000023 delta = 99999 elapsed time = 00:15:00
[STOPBYICOUNT] Periodic at 6100031 delta = 100008 elapsed time = 00:15:17
[STOPBYICOUNT] Periodic at 6200027 delta = 99996 elapsed time = 00:15:30
[STOPBYICOUNT] Periodic at 6300025 delta = 99998 elapsed time = 00:15:47
[STOPBYICOUNT] Periodic at 6400025 delta = 100000 elapsed time = 00:16:00
[STOPBYICOUNT] Periodic at 6500035 delta = 100010 elapsed time = 00:16:18
[STOPBYICOUNT] Periodic at 6600029 delta = 99994 elapsed time = 00:16:31
[STOPBYICOUNT] Periodic at 6700040 delta = 100011 elapsed time = 00:16:50
[STOPBYICOUNT] Periodic at 6800032 delta = 99992 elapsed time = 00:17:02
[STOPBYICOUNT] Periodic at 6900039 delta = 100007 elapsed time = 00:17:20
[STOPBYICOUNT] Periodic at 7000026 delta = 99987 elapsed time = 00:17:33
[STOPBYICOUNT] Periodic at 7100028 delta = 100002 elapsed time = 00:17:48
[STOPBYICOUNT] Periodic at 7200044 delta = 100016 elapsed time = 00:18:07
[STOPBYICOUNT] Periodic at 7300033 delta = 99989 elapsed time = 00:18:23
[STOPBYICOUNT] Periodic at 7400031 delta = 99998 elapsed time = 00:18:40
[STOPBYICOUNT] Periodic at 7500052 delta = 100021 elapsed time = 00:18:55
[STOPBYICOUNT] Periodic at 7600032 delta = 99980 elapsed time = 00:19:12
[STOPBYICOUNT] Periodic at 7700034 delta = 100002 elapsed time = 00:19:29
[STOPBYICOUNT] Periodic at 7800028 delta = 99994 elapsed time = 00:19:47
[STOPBYICOUNT] Periodic at 7900030 delta = 100002 elapsed time = 00:20:01
[STOPBYICOUNT] Periodic at 8000016 delta = 99986 elapsed time = 00:20:15
[STOPBYICOUNT] Periodic at 8100010 delta = 99994 elapsed time = 00:20:30
[STOPBYICOUNT] Periodic at 8200017 delta = 100007 elapsed time = 00:20:48
[STOPBYICOUNT] Periodic at 8300017 delta = 100000 elapsed time = 00:21:02
[STOPBYICOUNT] Periodic at 8400017 delta = 100000 elapsed time = 00:21:16
[STOPBYICOUNT] Periodic at 8500020 delta = 100003 elapsed time = 00:21:31
[STOPBYICOUNT] Periodic at 8600039 delta = 100019 elapsed time = 00:21:48
[STOPBYICOUNT] Periodic at 8700022 delta = 99983 elapsed time = 00:22:02
[STOPBYICOUNT] Periodic at 8800030 delta = 100008 elapsed time = 00:22:17
[STOPBYICOUNT] Periodic at 8900049 delta = 100019 elapsed time = 00:22:32
[STOPBYICOUNT] Periodic at 9000045 delta = 99996 elapsed time = 00:22:46
[STOPBYICOUNT] Periodic at 9100041 delta = 99996 elapsed time = 00:23:01
[STOPBYICOUNT] Periodic at 9200052 delta = 100011 elapsed time = 00:23:14
[STOPBYICOUNT] Periodic at 9300042 delta = 99990 elapsed time = 00:23:27
[STOPBYICOUNT] Periodic at 9400042 delta = 100000 elapsed time = 00:23:42
[STOPBYICOUNT] Periodic at 9500043 delta = 100001 elapsed time = 00:23:59
[STOPBYICOUNT] Periodic at 9600037 delta = 99994 elapsed time = 00:24:15
[STOPBYICOUNT] Periodic at 9700035 delta = 99998 elapsed time = 00:24:29
[STOPBYICOUNT] Periodic at 9800042 delta = 100007 elapsed time = 00:24:44
[STOPBYICOUNT] Periodic at 9900040 delta = 99998 elapsed time = 00:25:01
[STOPBYICOUNT] Periodic at 10000031 delta = 99991 elapsed time = 00:25:18
[STOPBYICOUNT] Periodic at 10100047 delta = 100016 elapsed time = 00:25:32
[STOPBYICOUNT] Periodic at 10200027 delta = 99980 elapsed time = 00:25:45
[STOPBYICOUNT] Periodic at 10300025 delta = 99998 elapsed time = 00:25:59
[STOPBYICOUNT] Periodic at 10400027 delta = 100002 elapsed time = 00:26:16
[STOPBYICOUNT] Periodic at 10500032 delta = 100005 elapsed time = 00:26:33
[STOPBYICOUNT] Periodic at 10600042 delta = 100010 elapsed time = 00:26:46
[STOPBYICOUNT] Periodic at 10700036 delta = 99994 elapsed time = 00:27:02
[STOPBYICOUNT] Periodic at 10800036 delta = 100000 elapsed time = 00:27:17
[STOPBYICOUNT] Periodic at 10900059 delta = 100023 elapsed time = 00:27:31
[STOPBYICOUNT] Periodic at 11000033 delta = 99974 elapsed time = 00:27:45
[STOPBYICOUNT] Periodic at 11100041 delta = 100008 elapsed time = 00:28:03
[STOPBYICOUNT] Periodic at 11200044 delta = 100003 elapsed time = 00:28:18
[STOPBYICOUNT] Periodic at 11300037 delta = 99993 elapsed time = 00:28:30
[STOPBYICOUNT] Periodic at 11400044 delta = 100007 elapsed time = 00:28:45
[STOPBYICOUNT] Periodic at 11500027 delta = 99983 elapsed time = 00:29:02
[STOPBYICOUNT] Periodic at 11600026 delta = 99999 elapsed time = 00:29:17
[STOPBYICOUNT] Periodic at 11700022 delta = 99996 elapsed time = 00:29:30
[STOPBYICOUNT] Periodic at 11800010 delta = 99988 elapsed time = 00:29:46
[STOPBYICOUNT] Periodic at 11900020 delta = 100010 elapsed time = 00:30:00
[STOPBYICOUNT] Periodic at 12000022 delta = 100002 elapsed time = 00:30:17
[STOPBYICOUNT] Periodic at 12100018 delta = 99996 elapsed time = 00:30:29
[STOPBYICOUNT] Periodic at 12200031 delta = 100013 elapsed time = 00:30:46
[STOPBYICOUNT] Periodic at 12300025 delta = 99994 elapsed time = 00:31:00
[STOPBYICOUNT] Periodic at 12400019 delta = 99994 elapsed time = 00:31:14
[STOPBYICOUNT] Periodic at 12500027 delta = 100008 elapsed time = 00:31:29
[STOPBYICOUNT] Periodic at 12600043 delta = 100016 elapsed time = 00:31:43
[STOPBYICOUNT] Periodic at 12700032 delta = 99989 elapsed time = 00:31:56
[STOPBYICOUNT] Periodic at 12800050 delta = 100018 elapsed time = 00:32:07
[STOPBYICOUNT] Periodic at 12900028 delta = 99978 elapsed time = 00:32:19
[STOPBYICOUNT] Periodic at 13000021 delta = 99993 elapsed time = 00:32:33
[STOPBYICOUNT] Periodic at 13100046 delta = 100025 elapsed time = 00:32:45
[STOPBYICOUNT] Periodic at 13200022 delta = 99976 elapsed time = 00:32:59
[STOPBYICOUNT] Periodic at 13300025 delta = 100003 elapsed time = 00:33:12
[STOPBYICOUNT] Periodic at 13400021 delta = 99996 elapsed time = 00:33:26
[STOPBYICOUNT] Periodic at 13500010 delta = 99989 elapsed time = 00:33:41
[STOPBYICOUNT] Periodic at 13600012 delta = 100002 elapsed time = 00:33:55
[STOPBYICOUNT] Periodic at 13700040 delta = 100028 elapsed time = 00:34:09
[STOPBYICOUNT] Periodic at 13800010 delta = 99970 elapsed time = 00:34:25
[STOPBYICOUNT] Periodic at 13900017 delta = 100007 elapsed time = 00:34:38
[STOPBYICOUNT] Periodic at 14000014 delta = 99997 elapsed time = 00:34:52
[STOPBYICOUNT] Periodic at 14100058 delta = 100044 elapsed time = 00:35:08
[STOPBYICOUNT] Periodic at 14200022 delta = 99964 elapsed time = 00:35:22
[STOPBYICOUNT] Periodic at 14300013 delta = 99991 elapsed time = 00:35:35
[STOPBYICOUNT] Periodic at 14400018 delta = 100005 elapsed time = 00:35:49
[STOPBYICOUNT] Periodic at 14500041 delta = 100023 elapsed time = 00:36:07
[STOPBYICOUNT] Periodic at 14600019 delta = 99978 elapsed time = 00:36:19
[STOPBYICOUNT] Periodic at 14700021 delta = 100002 elapsed time = 00:36:32
[STOPBYICOUNT] Periodic at 14800027 delta = 100006 elapsed time = 00:36:49
[STOPBYICOUNT] Periodic at 14900039 delta = 100012 elapsed time = 00:37:06
[STOPBYICOUNT] Periodic at 15000020 delta = 99981 elapsed time = 00:37:19
[STOPBYICOUNT] Periodic at 15100038 delta = 100018 elapsed time = 00:37:32
[STOPBYICOUNT] Periodic at 15200043 delta = 100005 elapsed time = 00:37:47
[STOPBYICOUNT] Periodic at 15300044 delta = 100001 elapsed time = 00:38:04
[STOPBYICOUNT] Periodic at 15400044 delta = 100000 elapsed time = 00:38:19
[STOPBYICOUNT] Periodic at 15500038 delta = 99994 elapsed time = 00:38:31
[STOPBYICOUNT] Periodic at 15600029 delta = 99991 elapsed time = 00:38:48
[STOPBYICOUNT] Periodic at 15700031 delta = 100002 elapsed time = 00:39:02
[STOPBYICOUNT] Periodic at 15800021 delta = 99990 elapsed time = 00:39:16
[STOPBYICOUNT] Periodic at 15900021 delta = 100000 elapsed time = 00:39:31
[STOPBYICOUNT] Periodic at 16000022 delta = 100001 elapsed time = 00:39:45
[STOPBYICOUNT] Periodic at 16100022 delta = 100000 elapsed time = 00:39:58
[STOPBYICOUNT] Periodic at 16200020 delta = 99998 elapsed time = 00:40:11
[STOPBYICOUNT] Periodic at 16300013 delta = 99993 elapsed time = 00:40:27
[STOPBYICOUNT] Periodic at 16400028 delta = 100015 elapsed time = 00:40:41
[STOPBYICOUNT] Periodic at 16500013 delta = 99985 elapsed time = 00:40:55
[STOPBYICOUNT] Periodic at 16600032 delta = 100019 elapsed time = 00:41:10
[STOPBYICOUNT] Periodic at 16700045 delta = 100013 elapsed time = 00:41:26
[STOPBYICOUNT] Periodic at 16800023 delta = 99978 elapsed time = 00:41:39
[STOPBYICOUNT] Periodic at 16900032 delta = 100009 elapsed time = 00:41:53
[STOPBYICOUNT] Periodic at 17000020 delta = 99988 elapsed time = 00:42:07
[STOPBYICOUNT] Periodic at 17100040 delta = 100020 elapsed time = 00:42:24
[STOPBYICOUNT] Periodic at 17200034 delta = 99994 elapsed time = 00:42:36
[STOPBYICOUNT] Periodic at 17300025 delta = 99991 elapsed time = 00:42:48
[STOPBYICOUNT] Periodic at 17400029 delta = 100004 elapsed time = 00:43:02
[STOPBYICOUNT] Periodic at 17500033 delta = 100004 elapsed time = 00:43:14
[STOPBYICOUNT] Periodic at 17600020 delta = 99987 elapsed time = 00:43:31
[STOPBYICOUNT] Periodic at 17700023 delta = 100003 elapsed time = 00:43:45
[STOPBYICOUNT] Periodic at 17800026 delta = 100003 elapsed time = 00:43:59
[STOPBYICOUNT] Periodic at 17900033 delta = 100007 elapsed time = 00:44:12
[STOPBYICOUNT] Periodic at 18000038 delta = 100005 elapsed time = 00:44:26
[STOPBYICOUNT] Periodic at 18100027 delta = 99989 elapsed time = 00:44:39
[STOPBYICOUNT] Periodic at 18200016 delta = 99989 elapsed time = 00:44:54
[STOPBYICOUNT] Periodic at 18300022 delta = 100006 elapsed time = 00:45:08
[STOPBYICOUNT] Periodic at 18400038 delta = 100016 elapsed time = 00:45:21
[STOPBYICOUNT] Periodic at 18500027 delta = 99989 elapsed time = 00:45:37
[STOPBYICOUNT] Periodic at 18600039 delta = 100012 elapsed time = 00:45:48
[STOPBYICOUNT] Periodic at 18700023 delta = 99984 elapsed time = 00:46:06
[STOPBYICOUNT] Periodic at 18800026 delta = 100003 elapsed time = 00:46:19
[STOPBYICOUNT] Periodic at 18900052 delta = 100026 elapsed time = 00:46:32
[STOPBYICOUNT] Periodic at 19000020 delta = 99968 elapsed time = 00:46:46
[STOPBYICOUNT] Periodic at 19100030 delta = 100010 elapsed time = 00:47:01
[STOPBYICOUNT] Periodic at 19200041 delta = 100011 elapsed time = 00:47:16
[STOPBYICOUNT] Periodic at 19300023 delta = 99982 elapsed time = 00:47:28
[STOPBYICOUNT] Periodic at 19400027 delta = 100004 elapsed time = 00:47:41
[STOPBYICOUNT] Periodic at 19500018 delta = 99991 elapsed time = 00:47:57
[STOPBYICOUNT] Periodic at 19600035 delta = 100017 elapsed time = 00:48:10
[STOPBYICOUNT] Periodic at 19700027 delta = 99992 elapsed time = 00:48:22
[STOPBYICOUNT] Periodic at 19800038 delta = 100011 elapsed time = 00:48:34
[STOPBYICOUNT] Periodic at 19900027 delta = 99989 elapsed time = 00:48:46
[STOPBYICOUNT] Periodic at 20000020 delta = 99993 elapsed time = 00:48:58
[STOPBYICOUNT] Periodic at 20100035 delta = 100015 elapsed time = 00:49:09
[STOPBYICOUNT] Periodic at 20200031 delta = 99996 elapsed time = 00:49:19
[STOPBYICOUNT] Periodic at 20300023 delta = 99992 elapsed time = 00:49:30
[STOPBYICOUNT] Periodic at 20400034 delta = 100011 elapsed time = 00:49:41
[STOPBYICOUNT] Periodic at 20500028 delta = 99994 elapsed time = 00:49:54
[STOPBYICOUNT] Periodic at 20600013 delta = 99985 elapsed time = 00:50:04
[STOPBYICOUNT] Periodic at 20700031 delta = 100018 elapsed time = 00:50:15
[STOPBYICOUNT] Periodic at 20800032 delta = 100001 elapsed time = 00:50:27
[STOPBYICOUNT] Periodic at 20900021 delta = 99989 elapsed time = 00:50:38
[STOPBYICOUNT] Periodic at 21000029 delta = 100008 elapsed time = 00:50:47
[STOPBYICOUNT] Periodic at 21100027 delta = 99998 elapsed time = 00:51:00
[STOPBYICOUNT] Periodic at 21200027 delta = 100000 elapsed time = 00:51:13
[STOPBYICOUNT] Periodic at 21300026 delta = 99999 elapsed time = 00:51:21
[STOPBYICOUNT] Periodic at 21400032 delta = 100006 elapsed time = 00:51:30
[STOPBYICOUNT] Periodic at 21500022 delta = 99990 elapsed time = 00:51:45
[STOPBYICOUNT] Periodic at 21600016 delta = 99994 elapsed time = 00:51:56
[STOPBYICOUNT] Periodic at 21700028 delta = 100012 elapsed time = 00:52:06
[STOPBYICOUNT] Periodic at 21800025 delta = 99997 elapsed time = 00:52:17
[STOPBYICOUNT] Periodic at 21900016 delta = 99991 elapsed time = 00:52:28
[STOPBYICOUNT] Periodic at 22000018 delta = 100002 elapsed time = 00:52:41
[STOPBYICOUNT] Periodic at 22100011 delta = 99993 elapsed time = 00:52:53
[STOPBYICOUNT] Periodic at 22200016 delta = 100005 elapsed time = 00:53:04
[STOPBYICOUNT] Periodic at 22300031 delta = 100015 elapsed time = 00:53:18
[STOPBYICOUNT] Periodic at 22400026 delta = 99995 elapsed time = 00:53:31
[STOPBYICOUNT] Periodic at 22500011 delta = 99985 elapsed time = 00:53:43
[STOPBYICOUNT] Periodic at 22600015 delta = 100004 elapsed time = 00:53:54
[STOPBYICOUNT] Periodic at 22700035 delta = 100020 elapsed time = 00:54:07
[STOPBYICOUNT] Periodic at 22800024 delta = 99989 elapsed time = 00:54:19
[STOPBYICOUNT] Periodic at 22900025 delta = 100001 elapsed time = 00:54:30
[STOPBYICOUNT] Periodic at 23000018 delta = 99993 elapsed time = 00:54:43
[STOPBYICOUNT] Periodic at 23100022 delta = 100004 elapsed time = 00:54:56
[STOPBYICOUNT] Periodic at 23200020 delta = 99998 elapsed time = 00:55:07
[STOPBYICOUNT] Periodic at 23300026 delta = 100006 elapsed time = 00:55:18
[STOPBYICOUNT] Periodic at 23400016 delta = 99990 elapsed time = 00:55:31
[STOPBYICOUNT] Periodic at 23500031 delta = 100015 elapsed time = 00:55:43
[STOPBYICOUNT] Periodic at 23600013 delta = 99982 elapsed time = 00:55:53
[STOPBYICOUNT] Periodic at 23700019 delta = 100006 elapsed time = 00:56:05
[STOPBYICOUNT] Periodic at 23800025 delta = 100006 elapsed time = 00:56:18
[STOPBYICOUNT] Periodic at 23900039 delta = 100014 elapsed time = 00:56:32
[STOPBYICOUNT] Periodic at 24000025 delta = 99986 elapsed time = 00:56:44
[STOPBYICOUNT] Periodic at 24100030 delta = 100005 elapsed time = 00:56:54
[STOPBYICOUNT] Periodic at 24200032 delta = 100002 elapsed time = 00:57:10
[STOPBYICOUNT] Periodic at 24300022 delta = 99990 elapsed time = 00:57:19
[STOPBYICOUNT] Periodic at 24400026 delta = 100004 elapsed time = 00:57:35
[STOPBYICOUNT] Periodic at 24500023 delta = 99997 elapsed time = 00:57:47
[STOPBYICOUNT] Periodic at 24600034 delta = 100011 elapsed time = 00:58:02
[STOPBYICOUNT] Periodic at 24700039 delta = 100005 elapsed time = 00:58:15
[STOPBYICOUNT] Periodic at 24800024 delta = 99985 elapsed time = 00:58:29
[STOPBYICOUNT] Periodic at 24900027 delta = 100003 elapsed time = 00:58:41
[STOPBYICOUNT] Periodic at 25000024 delta = 99997 elapsed time = 00:58:56
[STOPBYICOUNT] Periodic at 25100014 delta = 99990 elapsed time = 00:59:09
[STOPBYICOUNT] Periodic at 25200021 delta = 100007 elapsed time = 00:59:25
[STOPBYICOUNT] Periodic at 25300022 delta = 100001 elapsed time = 00:59:37
[STOPBYICOUNT] Periodic at 25400027 delta = 100005 elapsed time = 00:59:50
[STOPBYICOUNT] Periodic at 25500018 delta = 99991 elapsed time = 01:00:03
[STOPBYICOUNT] Periodic at 25600025 delta = 100007 elapsed time = 01:00:15
[STOPBYICOUNT] Periodic at 25700023 delta = 99998 elapsed time = 01:00:28
[STOPBYICOUNT] Periodic at 25800024 delta = 100001 elapsed time = 01:00:41
[STOPBYICOUNT] Periodic at 25900026 delta = 100002 elapsed time = 01:00:53
[STOPBYICOUNT] Periodic at 26000029 delta = 100003 elapsed time = 01:01:08
[STOPBYICOUNT] Periodic at 26100033 delta = 100004 elapsed time = 01:01:20
[STOPBYICOUNT] Periodic at 26200038 delta = 100005 elapsed time = 01:01:30
[STOPBYICOUNT] Periodic at 26300040 delta = 100002 elapsed time = 01:01:42
[STOPBYICOUNT] Periodic at 26400032 delta = 99992 elapsed time = 01:01:56
[STOPBYICOUNT] Periodic at 26500018 delta = 99986 elapsed time = 01:02:09
[STOPBYICOUNT] Periodic at 26600035 delta = 100017 elapsed time = 01:02:21
[STOPBYICOUNT] Periodic at 26700043 delta = 100008 elapsed time = 01:02:32
[STOPBYICOUNT] Periodic at 26800029 delta = 99986 elapsed time = 01:02:45
[STOPBYICOUNT] Periodic at 26900053 delta = 100024 elapsed time = 01:02:58
[STOPBYICOUNT] Periodic at 27000044 delta = 99991 elapsed time = 01:03:09
[STOPBYICOUNT] Periodic at 27100041 delta = 99997 elapsed time = 01:03:26
[STOPBYICOUNT] Periodic at 27200023 delta = 99982 elapsed time = 01:03:38
[STOPBYICOUNT] Periodic at 27300015 delta = 99992 elapsed time = 01:03:50
[STOPBYICOUNT] Periodic at 27400044 delta = 100029 elapsed time = 01:04:01
[STOPBYICOUNT] Periodic at 27500029 delta = 99985 elapsed time = 01:04:18
[STOPBYICOUNT] Periodic at 27600044 delta = 100015 elapsed time = 01:04:30
[STOPBYICOUNT] Periodic at 27700034 delta = 99990 elapsed time = 01:04:44
[STOPBYICOUNT] Periodic at 27800042 delta = 100008 elapsed time = 01:04:58
[STOPBYICOUNT] Periodic at 27900034 delta = 99992 elapsed time = 01:05:10
[STOPBYICOUNT] Periodic at 28000022 delta = 99988 elapsed time = 01:05:22
[STOPBYICOUNT] Periodic at 28100029 delta = 100007 elapsed time = 01:05:38
[STOPBYICOUNT] Periodic at 28200027 delta = 99998 elapsed time = 01:05:49
[STOPBYICOUNT] Periodic at 28300032 delta = 100005 elapsed time = 01:06:02
[STOPBYICOUNT] Periodic at 28400026 delta = 99994 elapsed time = 01:06:19
[STOPBYICOUNT] Periodic at 28500023 delta = 99997 elapsed time = 01:06:33
[STOPBYICOUNT] Periodic at 28600045 delta = 100022 elapsed time = 01:06:45
[STOPBYICOUNT] Periodic at 28700026 delta = 99981 elapsed time = 01:06:57
[STOPBYICOUNT] Periodic at 28800023 delta = 99997 elapsed time = 01:07:14
[STOPBYICOUNT] Periodic at 28900034 delta = 100011 elapsed time = 01:07:27
[STOPBYICOUNT] Periodic at 29000048 delta = 100014 elapsed time = 01:07:39
[STOPBYICOUNT] Periodic at 29100032 delta = 99984 elapsed time = 01:07:51
[STOPBYICOUNT] Periodic at 29200018 delta = 99986 elapsed time = 01:08:10
[STOPBYICOUNT] Periodic at 29300029 delta = 100011 elapsed time = 01:08:21
[STOPBYICOUNT] Periodic at 29400046 delta = 100017 elapsed time = 01:08:35
[STOPBYICOUNT] Periodic at 29500042 delta = 99996 elapsed time = 01:08:49
[STOPBYICOUNT] Periodic at 29600035 delta = 99993 elapsed time = 01:09:04
[STOPBYICOUNT] Periodic at 29700023 delta = 99988 elapsed time = 01:09:21
[STOPBYICOUNT] Periodic at 29800044 delta = 100021 elapsed time = 01:09:32
[STOPBYICOUNT] Periodic at 29900039 delta = 99995 elapsed time = 01:09:47
[STOPBYICOUNT] Periodic at 30000026 delta = 99987 elapsed time = 01:10:03
[STOPBYICOUNT] Periodic at 30100028 delta = 100002 elapsed time = 01:10:22
[STOPBYICOUNT] Periodic at 30200023 delta = 99995 elapsed time = 01:10:34
[STOPBYICOUNT] Periodic at 30300037 delta = 100014 elapsed time = 01:10:46
[STOPBYICOUNT] Periodic at 30400023 delta = 99986 elapsed time = 01:10:59
[STOPBYICOUNT] Periodic at 30500028 delta = 100005 elapsed time = 01:11:12
[STOPBYICOUNT] Periodic at 30600037 delta = 100009 elapsed time = 01:11:29
[STOPBYICOUNT] Periodic at 30700044 delta = 100007 elapsed time = 01:11:43
[STOPBYICOUNT] Periodic at 30800024 delta = 99980 elapsed time = 01:11:56
[STOPBYICOUNT] Periodic at 30900024 delta = 100000 elapsed time = 01:12:11
[STOPBYICOUNT] Periodic at 31000030 delta = 100006 elapsed time = 01:12:23
[STOPBYICOUNT] Periodic at 31100029 delta = 99999 elapsed time = 01:12:37
[STOPBYICOUNT] Periodic at 31200043 delta = 100014 elapsed time = 01:12:54
[STOPBYICOUNT] Periodic at 31300036 delta = 99993 elapsed time = 01:13:05
[STOPBYICOUNT] Periodic at 31400039 delta = 100003 elapsed time = 01:13:20
[STOPBYICOUNT] Periodic at 31500031 delta = 99992 elapsed time = 01:13:32
[STOPBYICOUNT] Periodic at 31600030 delta = 99999 elapsed time = 01:13:46
[STOPBYICOUNT] Periodic at 31700038 delta = 100008 elapsed time = 01:14:00
[STOPBYICOUNT] Periodic at 31800034 delta = 99996 elapsed time = 01:14:13
[STOPBYICOUNT] Periodic at 31900033 delta = 99999 elapsed time = 01:14:26
[STOPBYICOUNT] Periodic at 32000054 delta = 100021 elapsed time = 01:14:37
[STOPBYICOUNT] Periodic at 32100028 delta = 99974 elapsed time = 01:14:50
[STOPBYICOUNT] Periodic at 32200042 delta = 100014 elapsed time = 01:15:06
[STOPBYICOUNT] Periodic at 32300034 delta = 99992 elapsed time = 01:15:21
[STOPBYICOUNT] Periodic at 32400017 delta = 99983 elapsed time = 01:15:35
[STOPBYICOUNT] Periodic at 32500019 delta = 100002 elapsed time = 01:15:48
[STOPBYICOUNT] Periodic at 32600049 delta = 100030 elapsed time = 01:16:05
[STOPBYICOUNT] Periodic at 32700038 delta = 99989 elapsed time = 01:16:17
[STOPBYICOUNT] Periodic at 32800030 delta = 99992 elapsed time = 01:16:30
[STOPBYICOUNT] Periodic at 32900036 delta = 100006 elapsed time = 01:16:43
[STOPBYICOUNT] Periodic at 33000031 delta = 99995 elapsed time = 01:17:01
[STOPBYICOUNT] Periodic at 33100023 delta = 99992 elapsed time = 01:17:16
[STOPBYICOUNT] Periodic at 33200020 delta = 99997 elapsed time = 01:17:29
[STOPBYICOUNT] Periodic at 33300018 delta = 99998 elapsed time = 01:17:44
[STOPBYICOUNT] Periodic at 33400031 delta = 100013 elapsed time = 01:17:58
[STOPBYICOUNT] Periodic at 33500038 delta = 100007 elapsed time = 01:18:12
[STOPBYICOUNT] Periodic at 33600028 delta = 99990 elapsed time = 01:18:27
[STOPBYICOUNT] Periodic at 33700035 delta = 100007 elapsed time = 01:18:41
[STOPBYICOUNT] Periodic at 33800031 delta = 99996 elapsed time = 01:18:54
[STOPBYICOUNT] Periodic at 33900022 delta = 99991 elapsed time = 01:19:10
[STOPBYICOUNT] Periodic at 34000026 delta = 100004 elapsed time = 01:19:25
[STOPBYICOUNT] Periodic at 34100021 delta = 99995 elapsed time = 01:19:39
[STOPBYICOUNT] Periodic at 34200026 delta = 100005 elapsed time = 01:19:52
[STOPBYICOUNT] Periodic at 34300041 delta = 100015 elapsed time = 01:20:09
[STOPBYICOUNT] Periodic at 34400035 delta = 99994 elapsed time = 01:20:22
[STOPBYICOUNT] Periodic at 34500031 delta = 99996 elapsed time = 01:20:35
[STOPBYICOUNT] Periodic at 34600044 delta = 100013 elapsed time = 01:20:49
[STOPBYICOUNT] Periodic at 34700029 delta = 99985 elapsed time = 01:21:05
[STOPBYICOUNT] Periodic at 34800030 delta = 100001 elapsed time = 01:21:18
[STOPBYICOUNT] Periodic at 34900019 delta = 99989 elapsed time = 01:21:32
[STOPBYICOUNT] Periodic at 35000041 delta = 100022 elapsed time = 01:21:47
[STOPBYICOUNT] Periodic at 35100041 delta = 100000 elapsed time = 01:22:02
[STOPBYICOUNT] Periodic at 35200042 delta = 100001 elapsed time = 01:22:17
[STOPBYICOUNT] Periodic at 35300028 delta = 99986 elapsed time = 01:22:29
[STOPBYICOUNT] Periodic at 35400042 delta = 100014 elapsed time = 01:22:45
[STOPBYICOUNT] Periodic at 35500048 delta = 100006 elapsed time = 01:22:59
[STOPBYICOUNT] Periodic at 35600021 delta = 99973 elapsed time = 01:23:10
[STOPBYICOUNT] Periodic at 35700032 delta = 100011 elapsed time = 01:23:24
[STOPBYICOUNT] Periodic at 35800021 delta = 99989 elapsed time = 01:23:41
[STOPBYICOUNT] Periodic at 35900031 delta = 100010 elapsed time = 01:23:56
[STOPBYICOUNT] Periodic at 36000022 delta = 99991 elapsed time = 01:24:08
[STOPBYICOUNT] Periodic at 36100018 delta = 99996 elapsed time = 01:24:20
[STOPBYICOUNT] Periodic at 36200031 delta = 100013 elapsed time = 01:24:36
[STOPBYICOUNT] Periodic at 36300033 delta = 100002 elapsed time = 01:24:47
[STOPBYICOUNT] Periodic at 36400018 delta = 99985 elapsed time = 01:25:02
[STOPBYICOUNT] Periodic at 36500015 delta = 99997 elapsed time = 01:25:16
[STOPBYICOUNT] Periodic at 36600027 delta = 100012 elapsed time = 01:25:27
[STOPBYICOUNT] Periodic at 36700022 delta = 99995 elapsed time = 01:25:43
[STOPBYICOUNT] Periodic at 36800027 delta = 100005 elapsed time = 01:25:57
[STOPBYICOUNT] Periodic at 36900019 delta = 99992 elapsed time = 01:26:08
[STOPBYICOUNT] Periodic at 37000016 delta = 99997 elapsed time = 01:26:24
[STOPBYICOUNT] Periodic at 37100040 delta = 100024 elapsed time = 01:26:37
[STOPBYICOUNT] Periodic at 37200015 delta = 99975 elapsed time = 01:26:53
[STOPBYICOUNT] Periodic at 37300028 delta = 100013 elapsed time = 01:27:04
[STOPBYICOUNT] Periodic at 37400021 delta = 99993 elapsed time = 01:27:19
[STOPBYICOUNT] Periodic at 37500022 delta = 100001 elapsed time = 01:27:37
[STOPBYICOUNT] Periodic at 37600022 delta = 100000 elapsed time = 01:27:48
[STOPBYICOUNT] Periodic at 37700016 delta = 99994 elapsed time = 01:28:01
[STOPBYICOUNT] Periodic at 37800012 delta = 99996 elapsed time = 01:28:17
[STOPBYICOUNT] Periodic at 37900017 delta = 100005 elapsed time = 01:28:29
[STOPBYICOUNT] Periodic at 38000044 delta = 100027 elapsed time = 01:28:42
[STOPBYICOUNT] Periodic at 38100048 delta = 100004 elapsed time = 01:28:53
[STOPBYICOUNT] Periodic at 38200022 delta = 99974 elapsed time = 01:29:04
[STOPBYICOUNT] Periodic at 38300016 delta = 99994 elapsed time = 01:29:19
[STOPBYICOUNT] Periodic at 38400026 delta = 100010 elapsed time = 01:29:35
[STOPBYICOUNT] Periodic at 38500030 delta = 100004 elapsed time = 01:29:48
[STOPBYICOUNT] Periodic at 38600042 delta = 100012 elapsed time = 01:30:03
[STOPBYICOUNT] Periodic at 38700028 delta = 99986 elapsed time = 01:30:15
[STOPBYICOUNT] Periodic at 38800032 delta = 100004 elapsed time = 01:30:28
[STOPBYICOUNT] Periodic at 38900032 delta = 100000 elapsed time = 01:30:41
[STOPBYICOUNT] Periodic at 39000027 delta = 99995 elapsed time = 01:30:54
[STOPBYICOUNT] Periodic at 39100028 delta = 100001 elapsed time = 01:31:11
[STOPBYICOUNT] Periodic at 39200031 delta = 100003 elapsed time = 01:31:26
[STOPBYICOUNT] Periodic at 39300033 delta = 100002 elapsed time = 01:31:38
[STOPBYICOUNT] Periodic at 39400034 delta = 100001 elapsed time = 01:31:51
[STOPBYICOUNT] Periodic at 39500029 delta = 99995 elapsed time = 01:32:05
[STOPBYICOUNT] Periodic at 39600016 delta = 99987 elapsed time = 01:32:22
[STOPBYICOUNT] Periodic at 39700028 delta = 100012 elapsed time = 01:32:36
[STOPBYICOUNT] Periodic at 39800031 delta = 100003 elapsed time = 01:32:50
[STOPBYICOUNT] Periodic at 39900023 delta = 99992 elapsed time = 01:33:04
[STOPBYICOUNT] Periodic at 40000030 delta = 100007 elapsed time = 01:33:16
[STOPBYICOUNT] Periodic at 40100017 delta = 99987 elapsed time = 01:33:30
[STOPBYICOUNT] Periodic at 40200022 delta = 100005 elapsed time = 01:33:43
[STOPBYICOUNT] Periodic at 40300036 delta = 100014 elapsed time = 01:33:56
[STOPBYICOUNT] Periodic at 40400038 delta = 100002 elapsed time = 01:34:14
[STOPBYICOUNT] Periodic at 40500026 delta = 99988 elapsed time = 01:34:27
[STOPBYICOUNT] Periodic at 40600032 delta = 100006 elapsed time = 01:34:39
[STOPBYICOUNT] Periodic at 40700024 delta = 99992 elapsed time = 01:34:52
[STOPBYICOUNT] Periodic at 40800032 delta = 100008 elapsed time = 01:35:06
[STOPBYICOUNT] Periodic at 40900042 delta = 100010 elapsed time = 01:35:19
[STOPBYICOUNT] Periodic at 41000038 delta = 99996 elapsed time = 01:35:33
[STOPBYICOUNT] Periodic at 41100031 delta = 99993 elapsed time = 01:35:46
[STOPBYICOUNT] Periodic at 41200042 delta = 100011 elapsed time = 01:35:59
[STOPBYICOUNT] Periodic at 41300032 delta = 99990 elapsed time = 01:36:13
[STOPBYICOUNT] Periodic at 41400027 delta = 99995 elapsed time = 01:36:27
[STOPBYICOUNT] Periodic at 41500033 delta = 100006 elapsed time = 01:36:40
[STOPBYICOUNT] Periodic at 41600052 delta = 100019 elapsed time = 01:36:51
[STOPBYICOUNT] Periodic at 41700034 delta = 99982 elapsed time = 01:37:06
[STOPBYICOUNT] Periodic at 41800027 delta = 99993 elapsed time = 01:37:22
[STOPBYICOUNT] Periodic at 41900026 delta = 99999 elapsed time = 01:37:31
[STOPBYICOUNT] Periodic at 42000038 delta = 100012 elapsed time = 01:37:44
[STOPBYICOUNT] Periodic at 42100023 delta = 99985 elapsed time = 01:38:00
[STOPBYICOUNT] Periodic at 42200034 delta = 100011 elapsed time = 01:38:15
[STOPBYICOUNT] Periodic at 42300032 delta = 99998 elapsed time = 01:38:26
[STOPBYICOUNT] Periodic at 42400027 delta = 99995 elapsed time = 01:38:37
[STOPBYICOUNT] Periodic at 42500013 delta = 99986 elapsed time = 01:38:54
[STOPBYICOUNT] Periodic at 42600048 delta = 100035 elapsed time = 01:39:09
[STOPBYICOUNT] Periodic at 42700038 delta = 99990 elapsed time = 01:39:23
[STOPBYICOUNT] Periodic at 42800032 delta = 99994 elapsed time = 01:39:37
[STOPBYICOUNT] Periodic at 42900030 delta = 99998 elapsed time = 01:39:52
[STOPBYICOUNT] Periodic at 43000025 delta = 99995 elapsed time = 01:40:04
[STOPBYICOUNT] Periodic at 43100022 delta = 99997 elapsed time = 01:40:17
[STOPBYICOUNT] Periodic at 43200036 delta = 100014 elapsed time = 01:40:32
[STOPBYICOUNT] Periodic at 43300024 delta = 99988 elapsed time = 01:40:47
[STOPBYICOUNT] Periodic at 43400032 delta = 100008 elapsed time = 01:41:02
[STOPBYICOUNT] Periodic at 43500037 delta = 100005 elapsed time = 01:41:14
[STOPBYICOUNT] Periodic at 43600042 delta = 100005 elapsed time = 01:41:27
[STOPBYICOUNT] Periodic at 43700035 delta = 99993 elapsed time = 01:41:42
[STOPBYICOUNT] Periodic at 43800019 delta = 99984 elapsed time = 01:41:55
[STOPBYICOUNT] Periodic at 43900013 delta = 99994 elapsed time = 01:42:12
[STOPBYICOUNT] Periodic at 44000026 delta = 100013 elapsed time = 01:42:25
[STOPBYICOUNT] Periodic at 44100043 delta = 100017 elapsed time = 01:42:39
[STOPBYICOUNT] Periodic at 44200028 delta = 99985 elapsed time = 01:42:53
[STOPBYICOUNT] Periodic at 44300032 delta = 100004 elapsed time = 01:43:09
[STOPBYICOUNT] Periodic at 44400031 delta = 99999 elapsed time = 01:43:22
[STOPBYICOUNT] Periodic at 44500040 delta = 100009 elapsed time = 01:43:36
[STOPBYICOUNT] Periodic at 44600016 delta = 99976 elapsed time = 01:43:52
[STOPBYICOUNT] Periodic at 44700020 delta = 100004 elapsed time = 01:44:07
[STOPBYICOUNT] Periodic at 44800030 delta = 100010 elapsed time = 01:44:21
[STOPBYICOUNT] Periodic at 44900017 delta = 99987 elapsed time = 01:44:33
[STOPBYICOUNT] Periodic at 45000020 delta = 100003 elapsed time = 01:44:49
[STOPBYICOUNT] Periodic at 45100030 delta = 100010 elapsed time = 01:45:03
[STOPBYICOUNT] Periodic at 45200035 delta = 100005 elapsed time = 01:45:15
[STOPBYICOUNT] Periodic at 45300032 delta = 99997 elapsed time = 01:45:30
[STOPBYICOUNT] Periodic at 45400024 delta = 99992 elapsed time = 01:45:44
[STOPBYICOUNT] Periodic at 45500027 delta = 100003 elapsed time = 01:46:00
[STOPBYICOUNT] Periodic at 45600032 delta = 100005 elapsed time = 01:46:16
[STOPBYICOUNT] Periodic at 45700043 delta = 100011 elapsed time = 01:46:28
[STOPBYICOUNT] Periodic at 45800047 delta = 100004 elapsed time = 01:46:45
[STOPBYICOUNT] Periodic at 45900029 delta = 99982 elapsed time = 01:47:00
[STOPBYICOUNT] Periodic at 46000034 delta = 100005 elapsed time = 01:47:13
[STOPBYICOUNT] Periodic at 46100024 delta = 99990 elapsed time = 01:47:26
[STOPBYICOUNT] Periodic at 46200022 delta = 99998 elapsed time = 01:47:43
[STOPBYICOUNT] Periodic at 46300018 delta = 99996 elapsed time = 01:47:59
[STOPBYICOUNT] Periodic at 46400026 delta = 100008 elapsed time = 01:48:13
[STOPBYICOUNT] Periodic at 46500034 delta = 100008 elapsed time = 01:48:25
[STOPBYICOUNT] Periodic at 46600031 delta = 99997 elapsed time = 01:48:38
[STOPBYICOUNT] Periodic at 46700034 delta = 100003 elapsed time = 01:48:56
[STOPBYICOUNT] Periodic at 46800033 delta = 99999 elapsed time = 01:49:12
[STOPBYICOUNT] Periodic at 46900023 delta = 99990 elapsed time = 01:49:25
[STOPBYICOUNT] Periodic at 47000018 delta = 99995 elapsed time = 01:49:39
[STOPBYICOUNT] Periodic at 47100030 delta = 100012 elapsed time = 01:49:52
[STOPBYICOUNT] Periodic at 47200043 delta = 100013 elapsed time = 01:50:09
[STOPBYICOUNT] Periodic at 47300029 delta = 99986 elapsed time = 01:50:24
[STOPBYICOUNT] Periodic at 47400022 delta = 99993 elapsed time = 01:50:39
[STOPBYICOUNT] Periodic at 47500028 delta = 100006 elapsed time = 01:50:51
[STOPBYICOUNT] Periodic at 47600045 delta = 100017 elapsed time = 01:51:08
[STOPBYICOUNT] Periodic at 47700020 delta = 99975 elapsed time = 01:51:23
[STOPBYICOUNT] Periodic at 47800030 delta = 100010 elapsed time = 01:51:38
[STOPBYICOUNT] Periodic at 47900019 delta = 99989 elapsed time = 01:51:51
[STOPBYICOUNT] Periodic at 48000019 delta = 100000 elapsed time = 01:52:07
[STOPBYICOUNT] Periodic at 48100024 delta = 100005 elapsed time = 01:52:20
[STOPBYICOUNT] Periodic at 48200037 delta = 100013 elapsed time = 01:52:36
[STOPBYICOUNT] Periodic at 48300027 delta = 99990 elapsed time = 01:52:50
[STOPBYICOUNT] Periodic at 48400028 delta = 100001 elapsed time = 01:53:03
[STOPBYICOUNT] Periodic at 48500016 delta = 99988 elapsed time = 01:53:18
[STOPBYICOUNT] Periodic at 48600018 delta = 100002 elapsed time = 01:53:34
[STOPBYICOUNT] Periodic at 48700022 delta = 100004 elapsed time = 01:53:49
[STOPBYICOUNT] Periodic at 48800034 delta = 100012 elapsed time = 01:54:03
[STOPBYICOUNT] Periodic at 48900042 delta = 100008 elapsed time = 01:54:17
[STOPBYICOUNT] Periodic at 49000044 delta = 100002 elapsed time = 01:54:34
[STOPBYICOUNT] Periodic at 49100032 delta = 99988 elapsed time = 01:54:51
[STOPBYICOUNT] Periodic at 49200022 delta = 99990 elapsed time = 01:55:05
[STOPBYICOUNT] Periodic at 49300022 delta = 100000 elapsed time = 01:55:17
[STOPBYICOUNT] Periodic at 49400025 delta = 100003 elapsed time = 01:55:34
[STOPBYICOUNT] Periodic at 49500020 delta = 99995 elapsed time = 01:55:46
[STOPBYICOUNT] Periodic at 49600021 delta = 100001 elapsed time = 01:55:59
[STOPBYICOUNT] Periodic at 49700040 delta = 100019 elapsed time = 01:56:17
[STOPBYICOUNT] Periodic at 49800030 delta = 99990 elapsed time = 01:56:32
[STOPBYICOUNT] Periodic at 49900020 delta = 99990 elapsed time = 01:56:46
[STOPBYICOUNT] Periodic at 50000027 delta = 100007 elapsed time = 01:57:00
[STOPBYICOUNT] Periodic at 50100015 delta = 99988 elapsed time = 01:57:17
[STOPBYICOUNT] Periodic at 50200032 delta = 100017 elapsed time = 01:57:31
[STOPBYICOUNT] Periodic at 50300028 delta = 99996 elapsed time = 01:57:43
[STOPBYICOUNT] Periodic at 50400044 delta = 100016 elapsed time = 01:57:59
[STOPBYICOUNT] Periodic at 50500027 delta = 99983 elapsed time = 01:58:18
[STOPBYICOUNT] Periodic at 50600022 delta = 99995 elapsed time = 01:58:30
[STOPBYICOUNT] Periodic at 50700021 delta = 99999 elapsed time = 01:58:46
[STOPBYICOUNT] Periodic at 50800021 delta = 100000 elapsed time = 01:59:01
[STOPBYICOUNT] Periodic at 50900029 delta = 100008 elapsed time = 01:59:14
[STOPBYICOUNT] Periodic at 51000021 delta = 99992 elapsed time = 01:59:28
[STOPBYICOUNT] Periodic at 51100027 delta = 100006 elapsed time = 01:59:42
[STOPBYICOUNT] Periodic at 51200031 delta = 100004 elapsed time = 01:59:57
[STOPBYICOUNT] Periodic at 51300022 delta = 99991 elapsed time = 02:00:12
[STOPBYICOUNT] Periodic at 51400020 delta = 99998 elapsed time = 02:00:27
[STOPBYICOUNT] Periodic at 51500022 delta = 100002 elapsed time = 02:00:44
[STOPBYICOUNT] Periodic at 51600029 delta = 100007 elapsed time = 02:00:56
[STOPBYICOUNT] Periodic at 51700038 delta = 100009 elapsed time = 02:01:11
[STOPBYICOUNT] Periodic at 51800022 delta = 99984 elapsed time = 02:01:25
[STOPBYICOUNT] Periodic at 51900029 delta = 100007 elapsed time = 02:01:39
[STOPBYICOUNT] Periodic at 52000030 delta = 100001 elapsed time = 02:01:53
[STOPBYICOUNT] Periodic at 52100016 delta = 99986 elapsed time = 02:02:09
[STOPBYICOUNT] Periodic at 52200026 delta = 100010 elapsed time = 02:02:25
[STOPBYICOUNT] Periodic at 52300032 delta = 100006 elapsed time = 02:02:39
[STOPBYICOUNT] Periodic at 52400017 delta = 99985 elapsed time = 02:02:52
[STOPBYICOUNT] Periodic at 52500035 delta = 100018 elapsed time = 02:03:05
[STOPBYICOUNT] Periodic at 52600028 delta = 99993 elapsed time = 02:03:25
[STOPBYICOUNT] Periodic at 52700035 delta = 100007 elapsed time = 02:03:37
[STOPBYICOUNT] Periodic at 52800023 delta = 99988 elapsed time = 02:03:51
[STOPBYICOUNT] Periodic at 52900023 delta = 100000 elapsed time = 02:04:06
[STOPBYICOUNT] Periodic at 53000036 delta = 100013 elapsed time = 02:04:23
[STOPBYICOUNT] Periodic at 53100025 delta = 99989 elapsed time = 02:04:36
[STOPBYICOUNT] Periodic at 53200025 delta = 100000 elapsed time = 02:04:50
[STOPBYICOUNT] Periodic at 53300043 delta = 100018 elapsed time = 02:05:06
[STOPBYICOUNT] Periodic at 53400015 delta = 99972 elapsed time = 02:05:23
[STOPBYICOUNT] Periodic at 53500023 delta = 100008 elapsed time = 02:05:37
[STOPBYICOUNT] Periodic at 53600016 delta = 99993 elapsed time = 02:05:50
[STOPBYICOUNT] Periodic at 53700019 delta = 100003 elapsed time = 02:06:06
[STOPBYICOUNT] Periodic at 53800025 delta = 100006 elapsed time = 02:06:21
[STOPBYICOUNT] Periodic at 53900053 delta = 100028 elapsed time = 02:06:34
[STOPBYICOUNT] Periodic at 54000030 delta = 99977 elapsed time = 02:06:51
[STOPBYICOUNT] Periodic at 54100029 delta = 99999 elapsed time = 02:07:04
[STOPBYICOUNT] Periodic at 54200028 delta = 99999 elapsed time = 02:07:21
[STOPBYICOUNT] Periodic at 54300018 delta = 99990 elapsed time = 02:07:34
[STOPBYICOUNT] Periodic at 54400022 delta = 100004 elapsed time = 02:07:51
[STOPBYICOUNT] Periodic at 54500031 delta = 100009 elapsed time = 02:08:06
[STOPBYICOUNT] Periodic at 54600021 delta = 99990 elapsed time = 02:08:23
[STOPBYICOUNT] Periodic at 54700036 delta = 100015 elapsed time = 02:08:36
[STOPBYICOUNT] Periodic at 54800027 delta = 99991 elapsed time = 02:08:52
[STOPBYICOUNT] Periodic at 54900052 delta = 100025 elapsed time = 02:09:05
[STOPBYICOUNT] Periodic at 55000022 delta = 99970 elapsed time = 02:09:20
[STOPBYICOUNT] Periodic at 55100021 delta = 99999 elapsed time = 02:09:35
[STOPBYICOUNT] Periodic at 55200029 delta = 100008 elapsed time = 02:09:55
[STOPBYICOUNT] Periodic at 55300036 delta = 100007 elapsed time = 02:10:08
[STOPBYICOUNT] Periodic at 55400030 delta = 99994 elapsed time = 02:10:21
[STOPBYICOUNT] Periodic at 55500033 delta = 100003 elapsed time = 02:10:37
[STOPBYICOUNT] Periodic at 55600049 delta = 100016 elapsed time = 02:10:55
[STOPBYICOUNT] Periodic at 55700031 delta = 99982 elapsed time = 02:11:07
[STOPBYICOUNT] Periodic at 55800034 delta = 100003 elapsed time = 02:11:21
[STOPBYICOUNT] Periodic at 55900031 delta = 99997 elapsed time = 02:11:38
[STOPBYICOUNT] Periodic at 56000032 delta = 100001 elapsed time = 02:11:53
[STOPBYICOUNT] Periodic at 56100037 delta = 100005 elapsed time = 02:12:06
[STOPBYICOUNT] Periodic at 56200026 delta = 99989 elapsed time = 02:12:24
[STOPBYICOUNT] Periodic at 56300035 delta = 100009 elapsed time = 02:12:40
[STOPBYICOUNT] Periodic at 56400036 delta = 100001 elapsed time = 02:12:54
[STOPBYICOUNT] Periodic at 56500029 delta = 99993 elapsed time = 02:13:08
[STOPBYICOUNT] Periodic at 56600016 delta = 99987 elapsed time = 02:13:26
[STOPBYICOUNT] Periodic at 56700017 delta = 100001 elapsed time = 02:13:39
[STOPBYICOUNT] Periodic at 56800038 delta = 100021 elapsed time = 02:13:54
[STOPBYICOUNT] Periodic at 56900028 delta = 99990 elapsed time = 02:14:09
[STOPBYICOUNT] Periodic at 57000044 delta = 100016 elapsed time = 02:14:26
[STOPBYICOUNT] Periodic at 57100036 delta = 99992 elapsed time = 02:14:40
[STOPBYICOUNT] Periodic at 57200043 delta = 100007 elapsed time = 02:14:55
[STOPBYICOUNT] Periodic at 57300037 delta = 99994 elapsed time = 02:15:08
[STOPBYICOUNT] Periodic at 57400024 delta = 99987 elapsed time = 02:15:22
[STOPBYICOUNT] Periodic at 57500024 delta = 100000 elapsed time = 02:15:36
[STOPBYICOUNT] Periodic at 57600027 delta = 100003 elapsed time = 02:15:51
[STOPBYICOUNT] Periodic at 57700042 delta = 100015 elapsed time = 02:16:05
[STOPBYICOUNT] Periodic at 57800032 delta = 99990 elapsed time = 02:16:17
[STOPBYICOUNT] Periodic at 57900033 delta = 100001 elapsed time = 02:16:31
[STOPBYICOUNT] Periodic at 58000026 delta = 99993 elapsed time = 02:16:46
[STOPBYICOUNT] Periodic at 58100033 delta = 100007 elapsed time = 02:17:02
[STOPBYICOUNT] Periodic at 58200021 delta = 99988 elapsed time = 02:17:15
[STOPBYICOUNT] Periodic at 58300040 delta = 100019 elapsed time = 02:17:28
[STOPBYICOUNT] Periodic at 58400020 delta = 99980 elapsed time = 02:17:42
[STOPBYICOUNT] Periodic at 58500040 delta = 100020 elapsed time = 02:17:55
[STOPBYICOUNT] Periodic at 58600028 delta = 99988 elapsed time = 02:18:08
[STOPBYICOUNT] Periodic at 58700023 delta = 99995 elapsed time = 02:18:20
[STOPBYICOUNT] Periodic at 58800030 delta = 100007 elapsed time = 02:18:35
[STOPBYICOUNT] Periodic at 58900028 delta = 99998 elapsed time = 02:18:47
[STOPBYICOUNT] Periodic at 59000032 delta = 100004 elapsed time = 02:19:00
[STOPBYICOUNT] Periodic at 59100027 delta = 99995 elapsed time = 02:19:12
[STOPBYICOUNT] Periodic at 59200023 delta = 99996 elapsed time = 02:19:31
[STOPBYICOUNT] Periodic at 59300024 delta = 100001 elapsed time = 02:19:42
[STOPBYICOUNT] Periodic at 59400031 delta = 100007 elapsed time = 02:19:53
[STOPBYICOUNT] Periodic at 59500031 delta = 100000 elapsed time = 02:20:06
[STOPBYICOUNT] Periodic at 59600042 delta = 100011 elapsed time = 02:20:22
[STOPBYICOUNT] Periodic at 59700026 delta = 99984 elapsed time = 02:20:33
[STOPBYICOUNT] Periodic at 59800031 delta = 100005 elapsed time = 02:20:45
[STOPBYICOUNT] Periodic at 59900026 delta = 99995 elapsed time = 02:21:01
[STOPBYICOUNT] Periodic at 60000022 delta = 99996 elapsed time = 02:21:14
[STOPBYICOUNT] Periodic at 60100029 delta = 100007 elapsed time = 02:21:27
[STOPBYICOUNT] Periodic at 60200031 delta = 100002 elapsed time = 02:21:40
[STOPBYICOUNT] Periodic at 60300032 delta = 100001 elapsed time = 02:21:51
[STOPBYICOUNT] Periodic at 60400035 delta = 100003 elapsed time = 02:22:05
[STOPBYICOUNT] Periodic at 60500023 delta = 99988 elapsed time = 02:22:17
[STOPBYICOUNT] Periodic at 60600038 delta = 100015 elapsed time = 02:22:31
[STOPBYICOUNT] Periodic at 60700022 delta = 99984 elapsed time = 02:22:43
[STOPBYICOUNT] Periodic at 60800030 delta = 100008 elapsed time = 02:22:58
[STOPBYICOUNT] Periodic at 60900039 delta = 100009 elapsed time = 02:23:12
[STOPBYICOUNT] Periodic at 61000018 delta = 99979 elapsed time = 02:23:25
[STOPBYICOUNT] Periodic at 61100026 delta = 100008 elapsed time = 02:23:38
[STOPBYICOUNT] Periodic at 61200017 delta = 99991 elapsed time = 02:23:51
[STOPBYICOUNT] Periodic at 61300034 delta = 100017 elapsed time = 02:24:09
[STOPBYICOUNT] Periodic at 61400017 delta = 99983 elapsed time = 02:24:20
[STOPBYICOUNT] Periodic at 61500021 delta = 100004 elapsed time = 02:24:32
[STOPBYICOUNT] Periodic at 61600045 delta = 100024 elapsed time = 02:24:46
[STOPBYICOUNT] Periodic at 61700041 delta = 99996 elapsed time = 02:25:01
[STOPBYICOUNT] Periodic at 61800026 delta = 99985 elapsed time = 02:25:14
[STOPBYICOUNT] Periodic at 61900031 delta = 100005 elapsed time = 02:25:29
[STOPBYICOUNT] Periodic at 62000024 delta = 99993 elapsed time = 02:25:48
[STOPBYICOUNT] Periodic at 62100023 delta = 99999 elapsed time = 02:25:59
[STOPBYICOUNT] Periodic at 62200043 delta = 100020 elapsed time = 02:26:11
[STOPBYICOUNT] Periodic at 62300031 delta = 99988 elapsed time = 02:26:24
[STOPBYICOUNT] Periodic at 62400028 delta = 99997 elapsed time = 02:26:42
[STOPBYICOUNT] Periodic at 62500044 delta = 100016 elapsed time = 02:26:55
[STOPBYICOUNT] Periodic at 62600031 delta = 99987 elapsed time = 02:27:07
[STOPBYICOUNT] Periodic at 62700019 delta = 99988 elapsed time = 02:27:22
[STOPBYICOUNT] Periodic at 62800015 delta = 99996 elapsed time = 02:27:35
[STOPBYICOUNT] Periodic at 62900022 delta = 100007 elapsed time = 02:27:51
[STOPBYICOUNT] Periodic at 63000024 delta = 100002 elapsed time = 02:28:04
[STOPBYICOUNT] Periodic at 63100016 delta = 99992 elapsed time = 02:28:18
[STOPBYICOUNT] Periodic at 63200045 delta = 100029 elapsed time = 02:28:32
[STOPBYICOUNT] Periodic at 63300036 delta = 99991 elapsed time = 02:28:45
[STOPBYICOUNT] Periodic at 63400030 delta = 99994 elapsed time = 02:29:00
[STOPBYICOUNT] Periodic at 63500020 delta = 99990 elapsed time = 02:29:15
[STOPBYICOUNT] Periodic at 63600042 delta = 100022 elapsed time = 02:29:29
[STOPBYICOUNT] Periodic at 63700024 delta = 99982 elapsed time = 02:29:42
[STOPBYICOUNT] Periodic at 63800018 delta = 99994 elapsed time = 02:29:58
[STOPBYICOUNT] Periodic at 63900026 delta = 100008 elapsed time = 02:30:13
[STOPBYICOUNT] Periodic at 64000028 delta = 100002 elapsed time = 02:30:27
[STOPBYICOUNT] Periodic at 64100020 delta = 99992 elapsed time = 02:30:41
[STOPBYICOUNT] Periodic at 64200030 delta = 100010 elapsed time = 02:30:57
[STOPBYICOUNT] Periodic at 64300032 delta = 100002 elapsed time = 02:31:10
[STOPBYICOUNT] Periodic at 64400039 delta = 100007 elapsed time = 02:31:26
[STOPBYICOUNT] Periodic at 64500026 delta = 99987 elapsed time = 02:31:40
[STOPBYICOUNT] Periodic at 64600041 delta = 100015 elapsed time = 02:31:53
[STOPBYICOUNT] Periodic at 64700020 delta = 99979 elapsed time = 02:32:07
[STOPBYICOUNT] Periodic at 64800032 delta = 100012 elapsed time = 02:32:22
[STOPBYICOUNT] Periodic at 64900026 delta = 99994 elapsed time = 02:32:37
[STOPBYICOUNT] Periodic at 65000018 delta = 99992 elapsed time = 02:32:49
[STOPBYICOUNT] Periodic at 65100015 delta = 99997 elapsed time = 02:33:02
[STOPBYICOUNT] Periodic at 65200041 delta = 100026 elapsed time = 02:33:17
[STOPBYICOUNT] Periodic at 65300031 delta = 99990 elapsed time = 02:33:34
[STOPBYICOUNT] Periodic at 65400036 delta = 100005 elapsed time = 02:33:47
[STOPBYICOUNT] Periodic at 65500029 delta = 99993 elapsed time = 02:34:05
[STOPBYICOUNT] Periodic at 65600027 delta = 99998 elapsed time = 02:34:19
[STOPBYICOUNT] Periodic at 65700025 delta = 99998 elapsed time = 02:34:33
[STOPBYICOUNT] Periodic at 65800029 delta = 100004 elapsed time = 02:34:49
[STOPBYICOUNT] Periodic at 65900025 delta = 99996 elapsed time = 02:35:05
[STOPBYICOUNT] Periodic at 66000023 delta = 99998 elapsed time = 02:35:18
[STOPBYICOUNT] Periodic at 66100015 delta = 99992 elapsed time = 02:35:32
[STOPBYICOUNT] Periodic at 66200031 delta = 100016 elapsed time = 02:35:50
[STOPBYICOUNT] Periodic at 66300019 delta = 99988 elapsed time = 02:36:06
[STOPBYICOUNT] Periodic at 66400025 delta = 100006 elapsed time = 02:36:21
[STOPBYICOUNT] Periodic at 66500018 delta = 99993 elapsed time = 02:36:37
[STOPBYICOUNT] Periodic at 66600031 delta = 100013 elapsed time = 02:36:54
[STOPBYICOUNT] Periodic at 66700014 delta = 99983 elapsed time = 02:37:07
[STOPBYICOUNT] Periodic at 66800020 delta = 100006 elapsed time = 02:37:19
[STOPBYICOUNT] Periodic at 66900041 delta = 100021 elapsed time = 02:37:36
[STOPBYICOUNT] Periodic at 67000022 delta = 99981 elapsed time = 02:37:49
[STOPBYICOUNT] Periodic at 67100021 delta = 99999 elapsed time = 02:38:03
[STOPBYICOUNT] Periodic at 67200017 delta = 99996 elapsed time = 02:38:21
[STOPBYICOUNT] Periodic at 67300027 delta = 100010 elapsed time = 02:38:36
[STOPBYICOUNT] Periodic at 67400025 delta = 99998 elapsed time = 02:38:50
[STOPBYICOUNT] Periodic at 67500027 delta = 100002 elapsed time = 02:39:08
[STOPBYICOUNT] Periodic at 67600031 delta = 100004 elapsed time = 02:39:25
[STOPBYICOUNT] Periodic at 67700044 delta = 100013 elapsed time = 02:39:39
[STOPBYICOUNT] Periodic at 67800025 delta = 99981 elapsed time = 02:39:53
[STOPBYICOUNT] Periodic at 67900034 delta = 100009 elapsed time = 02:40:09
[STOPBYICOUNT] Periodic at 68000033 delta = 99999 elapsed time = 02:40:24
[STOPBYICOUNT] Periodic at 68100020 delta = 99987 elapsed time = 02:40:37
[STOPBYICOUNT] Periodic at 68200029 delta = 100009 elapsed time = 02:40:53
[STOPBYICOUNT] Periodic at 68300020 delta = 99991 elapsed time = 02:41:08
[STOPBYICOUNT] Periodic at 68400025 delta = 100005 elapsed time = 02:41:21
[STOPBYICOUNT] Periodic at 68500021 delta = 99996 elapsed time = 02:41:37
[STOPBYICOUNT] Periodic at 68600044 delta = 100023 elapsed time = 02:41:56
[STOPBYICOUNT] Periodic at 68700018 delta = 99974 elapsed time = 02:42:09
[STOPBYICOUNT] Periodic at 68800049 delta = 100031 elapsed time = 02:42:23
[STOPBYICOUNT] Periodic at 68900027 delta = 99978 elapsed time = 02:42:37
[STOPBYICOUNT] Periodic at 69000034 delta = 100007 elapsed time = 02:42:51
[STOPBYICOUNT] Periodic at 69100021 delta = 99987 elapsed time = 02:43:09
[STOPBYICOUNT] Periodic at 69200040 delta = 100019 elapsed time = 02:43:19
[STOPBYICOUNT] Periodic at 69300021 delta = 99981 elapsed time = 02:43:34
[STOPBYICOUNT] Periodic at 69400034 delta = 100013 elapsed time = 02:43:49
[STOPBYICOUNT] Periodic at 69500024 delta = 99990 elapsed time = 02:44:05
[STOPBYICOUNT] Periodic at 69600029 delta = 100005 elapsed time = 02:44:18
[STOPBYICOUNT] Periodic at 69700024 delta = 99995 elapsed time = 02:44:34
[STOPBYICOUNT] Periodic at 69800030 delta = 100006 elapsed time = 02:44:49
[STOPBYICOUNT] Periodic at 69900028 delta = 99998 elapsed time = 02:45:04
[STOPBYICOUNT] Periodic at 70000041 delta = 100013 elapsed time = 02:45:18
[STOPBYICOUNT] Periodic at 70100032 delta = 99991 elapsed time = 02:45:34
[STOPBYICOUNT] Periodic at 70200026 delta = 99994 elapsed time = 02:45:48
[STOPBYICOUNT] Periodic at 70300037 delta = 100011 elapsed time = 02:46:02
[STOPBYICOUNT] Periodic at 70400029 delta = 99992 elapsed time = 02:46:17
[STOPBYICOUNT] Periodic at 70500037 delta = 100008 elapsed time = 02:46:30
[STOPBYICOUNT] Periodic at 70600036 delta = 99999 elapsed time = 02:46:46
[STOPBYICOUNT] Periodic at 70700029 delta = 99993 elapsed time = 02:46:59
[STOPBYICOUNT] Periodic at 70800028 delta = 99999 elapsed time = 02:47:15
[STOPBYICOUNT] Periodic at 70900035 delta = 100007 elapsed time = 02:47:32
[STOPBYICOUNT] Periodic at 71000036 delta = 100001 elapsed time = 02:47:45
[STOPBYICOUNT] Periodic at 71100047 delta = 100011 elapsed time = 02:47:59
[STOPBYICOUNT] Periodic at 71200031 delta = 99984 elapsed time = 02:48:14
[STOPBYICOUNT] Periodic at 71300033 delta = 100002 elapsed time = 02:48:32
[STOPBYICOUNT] Periodic at 71400038 delta = 100005 elapsed time = 02:48:45
[STOPBYICOUNT] Periodic at 71500030 delta = 99992 elapsed time = 02:48:58
[STOPBYICOUNT] Periodic at 71600029 delta = 99999 elapsed time = 02:49:12
[STOPBYICOUNT] Periodic at 71700031 delta = 100002 elapsed time = 02:49:31
[STOPBYICOUNT] Periodic at 71800032 delta = 100001 elapsed time = 02:49:44
[STOPBYICOUNT] Periodic at 71900018 delta = 99986 elapsed time = 02:49:57
[STOPBYICOUNT] Periodic at 72000031 delta = 100013 elapsed time = 02:50:10
[STOPBYICOUNT] Periodic at 72100032 delta = 100001 elapsed time = 02:50:29
[STOPBYICOUNT] Periodic at 72200030 delta = 99998 elapsed time = 02:50:42
[STOPBYICOUNT] Periodic at 72300035 delta = 100005 elapsed time = 02:50:55
[STOPBYICOUNT] Periodic at 72400041 delta = 100006 elapsed time = 02:51:10
[STOPBYICOUNT] Periodic at 72500054 delta = 100013 elapsed time = 02:51:29
[STOPBYICOUNT] Periodic at 72600036 delta = 99982 elapsed time = 02:51:42
[STOPBYICOUNT] Periodic at 72700038 delta = 100002 elapsed time = 02:51:56
[STOPBYICOUNT] Periodic at 72800028 delta = 99990 elapsed time = 02:52:13
[STOPBYICOUNT] Periodic at 72900033 delta = 100005 elapsed time = 02:52:28
[STOPBYICOUNT] Periodic at 73000029 delta = 99996 elapsed time = 02:52:42
[STOPBYICOUNT] Periodic at 73100025 delta = 99996 elapsed time = 02:52:56
[STOPBYICOUNT] Periodic at 73200031 delta = 100006 elapsed time = 02:53:12
[STOPBYICOUNT] Periodic at 73300024 delta = 99993 elapsed time = 02:53:29
[STOPBYICOUNT] Periodic at 73400035 delta = 100011 elapsed time = 02:53:43
[STOPBYICOUNT] Periodic at 73500054 delta = 100019 elapsed time = 02:53:57
[STOPBYICOUNT] Periodic at 73600037 delta = 99983 elapsed time = 02:54:16
[STOPBYICOUNT] Periodic at 73700034 delta = 99997 elapsed time = 02:54:29
[STOPBYICOUNT] Periodic at 73800038 delta = 100004 elapsed time = 02:54:41
[STOPBYICOUNT] Periodic at 73900030 delta = 99992 elapsed time = 02:54:58
[STOPBYICOUNT] Periodic at 74000046 delta = 100016 elapsed time = 02:55:12
[STOPBYICOUNT] Periodic at 74100023 delta = 99977 elapsed time = 02:55:23
[STOPBYICOUNT] Periodic at 74200023 delta = 100000 elapsed time = 02:55:35
[STOPBYICOUNT] Periodic at 74300038 delta = 100015 elapsed time = 02:55:55
[STOPBYICOUNT] Periodic at 74400020 delta = 99982 elapsed time = 02:56:08
[STOPBYICOUNT] Periodic at 74500034 delta = 100014 elapsed time = 02:56:21
[STOPBYICOUNT] Periodic at 74600021 delta = 99987 elapsed time = 02:56:36
[STOPBYICOUNT] Periodic at 74700042 delta = 100021 elapsed time = 02:56:53
[STOPBYICOUNT] Periodic at 74800030 delta = 99988 elapsed time = 02:57:06
[STOPBYICOUNT] Periodic at 74900025 delta = 99995 elapsed time = 02:57:22
[STOPBYICOUNT] Periodic at 75000033 delta = 100008 elapsed time = 02:57:38
[STOPBYICOUNT] Periodic at 75100028 delta = 99995 elapsed time = 02:57:49
[STOPBYICOUNT] Periodic at 75200049 delta = 100021 elapsed time = 02:58:05
[STOPBYICOUNT] Periodic at 75300034 delta = 99985 elapsed time = 02:58:21
[STOPBYICOUNT] Periodic at 75400029 delta = 99995 elapsed time = 02:58:34
[STOPBYICOUNT] Periodic at 75500048 delta = 100019 elapsed time = 02:58:48
[STOPBYICOUNT] Periodic at 75600038 delta = 99990 elapsed time = 02:59:01
[STOPBYICOUNT] Periodic at 75700021 delta = 99983 elapsed time = 02:59:14
[STOPBYICOUNT] Periodic at 75800046 delta = 100025 elapsed time = 02:59:27
[STOPBYICOUNT] Periodic at 75900033 delta = 99987 elapsed time = 02:59:42
[STOPBYICOUNT] Periodic at 76000029 delta = 99996 elapsed time = 02:59:54
[STOPBYICOUNT] Periodic at 76100039 delta = 100010 elapsed time = 03:00:08
[STOPBYICOUNT] Periodic at 76200027 delta = 99988 elapsed time = 03:00:22
[STOPBYICOUNT] Periodic at 76300024 delta = 99997 elapsed time = 03:00:34
[STOPBYICOUNT] Periodic at 76400028 delta = 100004 elapsed time = 03:00:48
[STOPBYICOUNT] Periodic at 76500047 delta = 100019 elapsed time = 03:01:07
[STOPBYICOUNT] Periodic at 76600026 delta = 99979 elapsed time = 03:01:18
[STOPBYICOUNT] Periodic at 76700046 delta = 100020 elapsed time = 03:01:31
[STOPBYICOUNT] Periodic at 76800035 delta = 99989 elapsed time = 03:01:47
[STOPBYICOUNT] Periodic at 76900022 delta = 99987 elapsed time = 03:01:59
[STOPBYICOUNT] Periodic at 77000033 delta = 100011 elapsed time = 03:02:11
[STOPBYICOUNT] Periodic at 77100042 delta = 100009 elapsed time = 03:02:25
[STOPBYICOUNT] Periodic at 77200024 delta = 99982 elapsed time = 03:02:39
[STOPBYICOUNT] Periodic at 77300046 delta = 100022 elapsed time = 03:02:52
[STOPBYICOUNT] Periodic at 77400040 delta = 99994 elapsed time = 03:03:02
[STOPBYICOUNT] Periodic at 77500035 delta = 99995 elapsed time = 03:03:17
[STOPBYICOUNT] Periodic at 77600033 delta = 99998 elapsed time = 03:03:30
[STOPBYICOUNT] Periodic at 77700043 delta = 100010 elapsed time = 03:03:44
[STOPBYICOUNT] Periodic at 77800043 delta = 100000 elapsed time = 03:04:00
[STOPBYICOUNT] Periodic at 77900042 delta = 99999 elapsed time = 03:04:14
[STOPBYICOUNT] Periodic at 78000054 delta = 100012 elapsed time = 03:04:28
[STOPBYICOUNT] Periodic at 78100026 delta = 99972 elapsed time = 03:04:41
[STOPBYICOUNT] Periodic at 78200031 delta = 100005 elapsed time = 03:04:58
[STOPBYICOUNT] Periodic at 78300029 delta = 99998 elapsed time = 03:05:13
[STOPBYICOUNT] Periodic at 78400037 delta = 100008 elapsed time = 03:05:26
[STOPBYICOUNT] Periodic at 78500043 delta = 100006 elapsed time = 03:05:38
[STOPBYICOUNT] Periodic at 78600029 delta = 99986 elapsed time = 03:05:52
[STOPBYICOUNT] Periodic at 78700035 delta = 100006 elapsed time = 03:06:05
[STOPBYICOUNT] Periodic at 78800028 delta = 99993 elapsed time = 03:06:18
[STOPBYICOUNT] Periodic at 78900043 delta = 100015 elapsed time = 03:06:31
[STOPBYICOUNT] Periodic at 79000049 delta = 100006 elapsed time = 03:06:49
[STOPBYICOUNT] Periodic at 79100032 delta = 99983 elapsed time = 03:07:02
[STOPBYICOUNT] Periodic at 79200039 delta = 100007 elapsed time = 03:07:16
[STOPBYICOUNT] Periodic at 79300047 delta = 100008 elapsed time = 03:07:31
[STOPBYICOUNT] Periodic at 79400030 delta = 99983 elapsed time = 03:07:47
[STOPBYICOUNT] Periodic at 79500053 delta = 100023 elapsed time = 03:08:01
[STOPBYICOUNT] Periodic at 79600036 delta = 99983 elapsed time = 03:08:14
[STOPBYICOUNT] Periodic at 79700033 delta = 99997 elapsed time = 03:08:28
[STOPBYICOUNT] Periodic at 79800024 delta = 99991 elapsed time = 03:08:42
[STOPBYICOUNT] Periodic at 79900019 delta = 99995 elapsed time = 03:08:55
[STOPBYICOUNT] Periodic at 80000036 delta = 100017 elapsed time = 03:09:13
[STOPBYICOUNT] Periodic at 80100027 delta = 99991 elapsed time = 03:09:26
[STOPBYICOUNT] Periodic at 80200043 delta = 100016 elapsed time = 03:09:39
[STOPBYICOUNT] Periodic at 80300050 delta = 100007 elapsed time = 03:09:53
[STOPBYICOUNT] Periodic at 80400030 delta = 99980 elapsed time = 03:10:10
[STOPBYICOUNT] Periodic at 80500050 delta = 100020 elapsed time = 03:10:24
[STOPBYICOUNT] Periodic at 80600037 delta = 99987 elapsed time = 03:10:38
[STOPBYICOUNT] Periodic at 80700042 delta = 100005 elapsed time = 03:10:52
[STOPBYICOUNT] Periodic at 80800025 delta = 99983 elapsed time = 03:11:09
[STOPBYICOUNT] Periodic at 80900039 delta = 100014 elapsed time = 03:11:23
[STOPBYICOUNT] Periodic at 81000019 delta = 99980 elapsed time = 03:11:39
[STOPBYICOUNT] Periodic at 81100031 delta = 100012 elapsed time = 03:11:55
[STOPBYICOUNT] Periodic at 81200034 delta = 100003 elapsed time = 03:12:09
[STOPBYICOUNT] Periodic at 81300035 delta = 100001 elapsed time = 03:12:23
[STOPBYICOUNT] Periodic at 81400036 delta = 100001 elapsed time = 03:12:38
[STOPBYICOUNT] Periodic at 81500047 delta = 100011 elapsed time = 03:12:55
[STOPBYICOUNT] Periodic at 81600043 delta = 99996 elapsed time = 03:13:10
[STOPBYICOUNT] Periodic at 81700046 delta = 100003 elapsed time = 03:13:24
[STOPBYICOUNT] Periodic at 81800030 delta = 99984 elapsed time = 03:13:37
[STOPBYICOUNT] Periodic at 81900031 delta = 100001 elapsed time = 03:13:55
[STOPBYICOUNT] Periodic at 82000019 delta = 99988 elapsed time = 03:14:08
[STOPBYICOUNT] Periodic at 82100012 delta = 99993 elapsed time = 03:14:24
[STOPBYICOUNT] Periodic at 82200041 delta = 100029 elapsed time = 03:14:38
[STOPBYICOUNT] Periodic at 82300022 delta = 99981 elapsed time = 03:14:55
[STOPBYICOUNT] Periodic at 82400024 delta = 100002 elapsed time = 03:15:10
[STOPBYICOUNT] Periodic at 82500027 delta = 100003 elapsed time = 03:15:25
[STOPBYICOUNT] Periodic at 82600037 delta = 100010 elapsed time = 03:15:42
[STOPBYICOUNT] Periodic at 82700041 delta = 100004 elapsed time = 03:15:59
[STOPBYICOUNT] Periodic at 82800037 delta = 99996 elapsed time = 03:16:13
[STOPBYICOUNT] Periodic at 82900020 delta = 99983 elapsed time = 03:16:27
[STOPBYICOUNT] Periodic at 83000039 delta = 100019 elapsed time = 03:16:44
[STOPBYICOUNT] Periodic at 83100040 delta = 100001 elapsed time = 03:16:57
[STOPBYICOUNT] Periodic at 83200043 delta = 100003 elapsed time = 03:17:12
[STOPBYICOUNT] Periodic at 83300019 delta = 99976 elapsed time = 03:17:26
[STOPBYICOUNT] Periodic at 83400021 delta = 100002 elapsed time = 03:17:44
[STOPBYICOUNT] Periodic at 83500025 delta = 100004 elapsed time = 03:17:58
[STOPBYICOUNT] Periodic at 83600032 delta = 100007 elapsed time = 03:18:13
[STOPBYICOUNT] Periodic at 83700032 delta = 100000 elapsed time = 03:18:27
[STOPBYICOUNT] Periodic at 83800024 delta = 99992 elapsed time = 03:18:45
[STOPBYICOUNT] Periodic at 83900031 delta = 100007 elapsed time = 03:18:59
[STOPBYICOUNT] Periodic at 84000035 delta = 100004 elapsed time = 03:19:14
[STOPBYICOUNT] Periodic at 84100034 delta = 99999 elapsed time = 03:19:28
[STOPBYICOUNT] Periodic at 84200025 delta = 99991 elapsed time = 03:19:46
[STOPBYICOUNT] Periodic at 84300042 delta = 100017 elapsed time = 03:20:00
[STOPBYICOUNT] Periodic at 84400035 delta = 99993 elapsed time = 03:20:16
[STOPBYICOUNT] Periodic at 84500028 delta = 99993 elapsed time = 03:20:30
[STOPBYICOUNT] Periodic at 84600030 delta = 100002 elapsed time = 03:20:48
[STOPBYICOUNT] Periodic at 84700042 delta = 100012 elapsed time = 03:21:03
[STOPBYICOUNT] Periodic at 84800027 delta = 99985 elapsed time = 03:21:19
[STOPBYICOUNT] Periodic at 84900021 delta = 99994 elapsed time = 03:21:33
[STOPBYICOUNT] Periodic at 85000030 delta = 100009 elapsed time = 03:21:48
[STOPBYICOUNT] Periodic at 85100030 delta = 100000 elapsed time = 03:22:04
[STOPBYICOUNT] Periodic at 85200038 delta = 100008 elapsed time = 03:22:19
[STOPBYICOUNT] Periodic at 85300027 delta = 99989 elapsed time = 03:22:34
[STOPBYICOUNT] Periodic at 85400051 delta = 100024 elapsed time = 03:22:49
[STOPBYICOUNT] Periodic at 85500035 delta = 99984 elapsed time = 03:23:06
[STOPBYICOUNT] Periodic at 85600020 delta = 99985 elapsed time = 03:23:20
[STOPBYICOUNT] Periodic at 85700031 delta = 100011 elapsed time = 03:23:32
[STOPBYICOUNT] Periodic at 85800028 delta = 99997 elapsed time = 03:23:49
[STOPBYICOUNT] Periodic at 85900038 delta = 100010 elapsed time = 03:24:04
[STOPBYICOUNT] Periodic at 86000027 delta = 99989 elapsed time = 03:24:16
[STOPBYICOUNT] Periodic at 86100017 delta = 99990 elapsed time = 03:24:33
[STOPBYICOUNT] Periodic at 86200015 delta = 99998 elapsed time = 03:24:48
[STOPBYICOUNT] Periodic at 86300036 delta = 100021 elapsed time = 03:25:01
[STOPBYICOUNT] Periodic at 86400017 delta = 99981 elapsed time = 03:25:15
[STOPBYICOUNT] Periodic at 86500036 delta = 100019 elapsed time = 03:25:34
[STOPBYICOUNT] Periodic at 86600023 delta = 99987 elapsed time = 03:25:49
[STOPBYICOUNT] Periodic at 86700040 delta = 100017 elapsed time = 03:26:02
[STOPBYICOUNT] Periodic at 86800034 delta = 99994 elapsed time = 03:26:16
[STOPBYICOUNT] Periodic at 86900031 delta = 99997 elapsed time = 03:26:34
[STOPBYICOUNT] Periodic at 87000024 delta = 99993 elapsed time = 03:26:48
[STOPBYICOUNT] Periodic at 87100025 delta = 100001 elapsed time = 03:27:01
[STOPBYICOUNT] Periodic at 87200036 delta = 100011 elapsed time = 03:27:16
[STOPBYICOUNT] Periodic at 87300026 delta = 99990 elapsed time = 03:27:33
[STOPBYICOUNT] Periodic at 87400032 delta = 100006 elapsed time = 03:27:46
[STOPBYICOUNT] Periodic at 87500047 delta = 100015 elapsed time = 03:28:01
[STOPBYICOUNT] Periodic at 87600034 delta = 99987 elapsed time = 03:28:14
[STOPBYICOUNT] Periodic at 87700030 delta = 99996 elapsed time = 03:28:30
[STOPBYICOUNT] Periodic at 87800033 delta = 100003 elapsed time = 03:28:42
[STOPBYICOUNT] Periodic at 87900018 delta = 99985 elapsed time = 03:28:58
[STOPBYICOUNT] Periodic at 88000024 delta = 100006 elapsed time = 03:29:11
[STOPBYICOUNT] Periodic at 88100029 delta = 100005 elapsed time = 03:29:23
[STOPBYICOUNT] Periodic at 88200026 delta = 99997 elapsed time = 03:29:34
[STOPBYICOUNT] Periodic at 88300022 delta = 99996 elapsed time = 03:29:49
[STOPBYICOUNT] Periodic at 88400021 delta = 99999 elapsed time = 03:30:02
[STOPBYICOUNT] Periodic at 88500021 delta = 100000 elapsed time = 03:30:18
[STOPBYICOUNT] Periodic at 88600020 delta = 99999 elapsed time = 03:30:32
[STOPBYICOUNT] Periodic at 88700033 delta = 100013 elapsed time = 03:30:46
[STOPBYICOUNT] Periodic at 88800029 delta = 99996 elapsed time = 03:30:59
[STOPBYICOUNT] Periodic at 88900040 delta = 100011 elapsed time = 03:31:13
[STOPBYICOUNT] Periodic at 89000038 delta = 99998 elapsed time = 03:31:27
[STOPBYICOUNT] Periodic at 89100030 delta = 99992 elapsed time = 03:31:40
[STOPBYICOUNT] Periodic at 89200015 delta = 99985 elapsed time = 03:31:56
[STOPBYICOUNT] Periodic at 89300033 delta = 100018 elapsed time = 03:32:10
[STOPBYICOUNT] Periodic at 89400020 delta = 99987 elapsed time = 03:32:23
[STOPBYICOUNT] Periodic at 89500021 delta = 100001 elapsed time = 03:32:34
[STOPBYICOUNT] Periodic at 89600025 delta = 100004 elapsed time = 03:32:52
[STOPBYICOUNT] Periodic at 89700036 delta = 100011 elapsed time = 03:33:04
[STOPBYICOUNT] Periodic at 89800018 delta = 99982 elapsed time = 03:33:17
[STOPBYICOUNT] Periodic at 89900036 delta = 100018 elapsed time = 03:33:30
[STOPBYICOUNT] Periodic at 90000023 delta = 99987 elapsed time = 03:33:42
[STOPBYICOUNT] Periodic at 90100018 delta = 99995 elapsed time = 03:33:55
[STOPBYICOUNT] Periodic at 90200027 delta = 100009 elapsed time = 03:34:14
[STOPBYICOUNT] Periodic at 90300029 delta = 100002 elapsed time = 03:34:25
[STOPBYICOUNT] Periodic at 90400032 delta = 100003 elapsed time = 03:34:36
[STOPBYICOUNT] Periodic at 90500027 delta = 99995 elapsed time = 03:34:51
[STOPBYICOUNT] Periodic at 90600038 delta = 100011 elapsed time = 03:35:05
[STOPBYICOUNT] Periodic at 90700015 delta = 99977 elapsed time = 03:35:16
[STOPBYICOUNT] Periodic at 90800022 delta = 100007 elapsed time = 03:35:29
[STOPBYICOUNT] Periodic at 90900039 delta = 100017 elapsed time = 03:35:44
[STOPBYICOUNT] Periodic at 91000017 delta = 99978 elapsed time = 03:35:55
[STOPBYICOUNT] Periodic at 91100022 delta = 100005 elapsed time = 03:36:08
[STOPBYICOUNT] Periodic at 91200038 delta = 100016 elapsed time = 03:36:22
[STOPBYICOUNT] Periodic at 91300030 delta = 99992 elapsed time = 03:36:35
[STOPBYICOUNT] Periodic at 91400022 delta = 99992 elapsed time = 03:36:47
[STOPBYICOUNT] Periodic at 91500019 delta = 99997 elapsed time = 03:37:00
[STOPBYICOUNT] Periodic at 91600025 delta = 100006 elapsed time = 03:37:18
[STOPBYICOUNT] Periodic at 91700025 delta = 100000 elapsed time = 03:37:30
[STOPBYICOUNT] Periodic at 91800022 delta = 99997 elapsed time = 03:37:41
[STOPBYICOUNT] Periodic at 91900022 delta = 100000 elapsed time = 03:37:55
[STOPBYICOUNT] Periodic at 92000029 delta = 100007 elapsed time = 03:38:07
[STOPBYICOUNT] Periodic at 92100024 delta = 99995 elapsed time = 03:38:21
[STOPBYICOUNT] Periodic at 92200018 delta = 99994 elapsed time = 03:38:34
[STOPBYICOUNT] Periodic at 92300016 delta = 99998 elapsed time = 03:38:46
[STOPBYICOUNT] Periodic at 92400022 delta = 100006 elapsed time = 03:38:59
[STOPBYICOUNT] Periodic at 92500028 delta = 100006 elapsed time = 03:39:15
[STOPBYICOUNT] Periodic at 92600048 delta = 100020 elapsed time = 03:39:29
[STOPBYICOUNT] Periodic at 92700024 delta = 99976 elapsed time = 03:39:41
[STOPBYICOUNT] Periodic at 92800039 delta = 100015 elapsed time = 03:39:53
[STOPBYICOUNT] Periodic at 92900030 delta = 99991 elapsed time = 03:40:08
[STOPBYICOUNT] Periodic at 93000031 delta = 100001 elapsed time = 03:40:24
[STOPBYICOUNT] Periodic at 93100031 delta = 100000 elapsed time = 03:40:36
[STOPBYICOUNT] Periodic at 93200032 delta = 100001 elapsed time = 03:40:49
[STOPBYICOUNT] Periodic at 93300032 delta = 100000 elapsed time = 03:41:02
[STOPBYICOUNT] Periodic at 93400018 delta = 99986 elapsed time = 03:41:18
[STOPBYICOUNT] Periodic at 93500030 delta = 100012 elapsed time = 03:41:32
[STOPBYICOUNT] Periodic at 93600021 delta = 99991 elapsed time = 03:41:46
[STOPBYICOUNT] Periodic at 93700031 delta = 100010 elapsed time = 03:41:59
[STOPBYICOUNT] Periodic at 93800026 delta = 99995 elapsed time = 03:42:16
[STOPBYICOUNT] Periodic at 93900027 delta = 100001 elapsed time = 03:42:30
[STOPBYICOUNT] Periodic at 94000032 delta = 100005 elapsed time = 03:42:46
[STOPBYICOUNT] Periodic at 94100016 delta = 99984 elapsed time = 03:43:02
[STOPBYICOUNT] Periodic at 94200035 delta = 100019 elapsed time = 03:43:16
[STOPBYICOUNT] Periodic at 94300037 delta = 100002 elapsed time = 03:43:28
[STOPBYICOUNT] Periodic at 94400015 delta = 99978 elapsed time = 03:43:44
[STOPBYICOUNT] Periodic at 94500033 delta = 100018 elapsed time = 03:43:58
[STOPBYICOUNT] Periodic at 94600043 delta = 100010 elapsed time = 03:44:12
[STOPBYICOUNT] Periodic at 94700019 delta = 99976 elapsed time = 03:44:28
[STOPBYICOUNT] Periodic at 94800022 delta = 100003 elapsed time = 03:44:40
[STOPBYICOUNT] Periodic at 94900025 delta = 100003 elapsed time = 03:44:52
[STOPBYICOUNT] Periodic at 95000025 delta = 100000 elapsed time = 03:45:11
[STOPBYICOUNT] Periodic at 95100046 delta = 100021 elapsed time = 03:45:27
[STOPBYICOUNT] Periodic at 95200015 delta = 99969 elapsed time = 03:45:38
[STOPBYICOUNT] Periodic at 95300032 delta = 100017 elapsed time = 03:45:55
[STOPBYICOUNT] Periodic at 95400040 delta = 100008 elapsed time = 03:46:10
[STOPBYICOUNT] Periodic at 95500026 delta = 99986 elapsed time = 03:46:24
[STOPBYICOUNT] Periodic at 95600022 delta = 99996 elapsed time = 03:46:38
[STOPBYICOUNT] Periodic at 95700031 delta = 100009 elapsed time = 03:46:58
[STOPBYICOUNT] Periodic at 95800031 delta = 100000 elapsed time = 03:47:10
[STOPBYICOUNT] Periodic at 95900041 delta = 100010 elapsed time = 03:47:23
[STOPBYICOUNT] Periodic at 96000031 delta = 99990 elapsed time = 03:47:39
[STOPBYICOUNT] Periodic at 96100025 delta = 99994 elapsed time = 03:47:53
[STOPBYICOUNT] Periodic at 96200031 delta = 100006 elapsed time = 03:48:08
[STOPBYICOUNT] Periodic at 96300019 delta = 99988 elapsed time = 03:48:23
[STOPBYICOUNT] Periodic at 96400043 delta = 100024 elapsed time = 03:48:39
[STOPBYICOUNT] Periodic at 96500034 delta = 99991 elapsed time = 03:48:53
[STOPBYICOUNT] Periodic at 96600026 delta = 99992 elapsed time = 03:49:06
[STOPBYICOUNT] Periodic at 96700028 delta = 100002 elapsed time = 03:49:26
[STOPBYICOUNT] Periodic at 96800033 delta = 100005 elapsed time = 03:49:40
[STOPBYICOUNT] Periodic at 96900018 delta = 99985 elapsed time = 03:49:54
[STOPBYICOUNT] Periodic at 97000046 delta = 100028 elapsed time = 03:50:07
[STOPBYICOUNT] Periodic at 97100025 delta = 99979 elapsed time = 03:50:25
[STOPBYICOUNT] Periodic at 97200028 delta = 100003 elapsed time = 03:50:38
[STOPBYICOUNT] Periodic at 97300055 delta = 100027 elapsed time = 03:50:52
[STOPBYICOUNT] Periodic at 97400023 delta = 99968 elapsed time = 03:51:06
[STOPBYICOUNT] Periodic at 97500020 delta = 99997 elapsed time = 03:51:22
[STOPBYICOUNT] Periodic at 97600038 delta = 100018 elapsed time = 03:51:37
[STOPBYICOUNT] Periodic at 97700024 delta = 99986 elapsed time = 03:51:53
[STOPBYICOUNT] Periodic at 97800027 delta = 100003 elapsed time = 03:52:09
[STOPBYICOUNT] Periodic at 97900022 delta = 99995 elapsed time = 03:52:23
[STOPBYICOUNT] Periodic at 98000048 delta = 100026 elapsed time = 03:52:34
[STOPBYICOUNT] Periodic at 98100029 delta = 99981 elapsed time = 03:52:55
[STOPBYICOUNT] Periodic at 98200024 delta = 99995 elapsed time = 03:53:08
[STOPBYICOUNT] Periodic at 98300025 delta = 100001 elapsed time = 03:53:20
[STOPBYICOUNT] Periodic at 98400036 delta = 100011 elapsed time = 03:53:34
[STOPBYICOUNT] Periodic at 98500017 delta = 99981 elapsed time = 03:53:51
[STOPBYICOUNT] Periodic at 98600033 delta = 100016 elapsed time = 03:54:04
[STOPBYICOUNT] Periodic at 98700045 delta = 100012 elapsed time = 03:54:19
[STOPBYICOUNT] Periodic at 98800023 delta = 99978 elapsed time = 03:54:35
[STOPBYICOUNT] Periodic at 98900033 delta = 100010 elapsed time = 03:54:51
[STOPBYICOUNT] Periodic at 99000032 delta = 99999 elapsed time = 03:55:04
[STOPBYICOUNT] Periodic at 99100023 delta = 99991 elapsed time = 03:55:18
[STOPBYICOUNT] Periodic at 99200023 delta = 100000 elapsed time = 03:55:35
[STOPBYICOUNT] Periodic at 99300028 delta = 100005 elapsed time = 03:55:49
[STOPBYICOUNT] Periodic at 99400035 delta = 100007 elapsed time = 03:56:02
[STOPBYICOUNT] Periodic at 99500021 delta = 99986 elapsed time = 03:56:21
[STOPBYICOUNT] Periodic at 99600031 delta = 100010 elapsed time = 03:56:35
[STOPBYICOUNT] Periodic at 99700032 delta = 100001 elapsed time = 03:56:48
[STOPBYICOUNT] Periodic at 99800019 delta = 99987 elapsed time = 03:57:02
[STOPBYICOUNT] Periodic at 99900024 delta = 100005 elapsed time = 03:57:18
[STOPBYICOUNT] Periodic at 100000028 delta = 100004 elapsed time = 03:57:33
[STOPBYICOUNT] Periodic at 100100024 delta = 99996 elapsed time = 03:57:48
[STOPBYICOUNT] Periodic at 100200018 delta = 99994 elapsed time = 03:58:02
[STOPBYICOUNT] Periodic at 100300033 delta = 100015 elapsed time = 03:58:19
[STOPBYICOUNT] Periodic at 100400020 delta = 99987 elapsed time = 03:58:31
[STOPBYICOUNT] Periodic at 100500020 delta = 100000 elapsed time = 03:58:45
[STOPBYICOUNT] Periodic at 100600040 delta = 100020 elapsed time = 03:58:59
[STOPBYICOUNT] Periodic at 100700039 delta = 99999 elapsed time = 03:59:14
[STOPBYICOUNT] Periodic at 100800037 delta = 99998 elapsed time = 03:59:31
[STOPBYICOUNT] Periodic at 100900032 delta = 99995 elapsed time = 03:59:45
[STOPBYICOUNT] Periodic at 101000022 delta = 99990 elapsed time = 03:59:58
[STOPBYICOUNT] Periodic at 101100037 delta = 100015 elapsed time = 04:00:13
[STOPBYICOUNT] Periodic at 101200020 delta = 99983 elapsed time = 04:00:29
[STOPBYICOUNT] Periodic at 101300033 delta = 100013 elapsed time = 04:00:43
[STOPBYICOUNT] Periodic at 101400035 delta = 100002 elapsed time = 04:00:55
[STOPBYICOUNT] Periodic at 101500031 delta = 99996 elapsed time = 04:01:12
[STOPBYICOUNT] Periodic at 101600022 delta = 99991 elapsed time = 04:01:26
[STOPBYICOUNT] Periodic at 101700023 delta = 100001 elapsed time = 04:01:41
[STOPBYICOUNT] Periodic at 101800033 delta = 100010 elapsed time = 04:01:54
[STOPBYICOUNT] Periodic at 101900026 delta = 99993 elapsed time = 04:02:09
[STOPBYICOUNT] Periodic at 102000034 delta = 100008 elapsed time = 04:02:26
[STOPBYICOUNT] Periodic at 102100033 delta = 99999 elapsed time = 04:02:41
[STOPBYICOUNT] Periodic at 102200033 delta = 100000 elapsed time = 04:02:54
[STOPBYICOUNT] Periodic at 102300054 delta = 100021 elapsed time = 04:03:11
[STOPBYICOUNT] Periodic at 102400046 delta = 99992 elapsed time = 04:03:27
[STOPBYICOUNT] Periodic at 102500035 delta = 99989 elapsed time = 04:03:44
[STOPBYICOUNT] Periodic at 102600032 delta = 99997 elapsed time = 04:03:57
[STOPBYICOUNT] Periodic at 102700037 delta = 100005 elapsed time = 04:04:13
[STOPBYICOUNT] Periodic at 102800046 delta = 100009 elapsed time = 04:04:26
[STOPBYICOUNT] Periodic at 102900027 delta = 99981 elapsed time = 04:04:42
[STOPBYICOUNT] Periodic at 103000027 delta = 100000 elapsed time = 04:04:58
[STOPBYICOUNT] Periodic at 103100020 delta = 99993 elapsed time = 04:05:12
[STOPBYICOUNT] Periodic at 103200016 delta = 99996 elapsed time = 04:05:27
[STOPBYICOUNT] Periodic at 103300037 delta = 100021 elapsed time = 04:05:41
[STOPBYICOUNT] Periodic at 103400026 delta = 99989 elapsed time = 04:06:00
[STOPBYICOUNT] Periodic at 103500040 delta = 100014 elapsed time = 04:06:12
[STOPBYICOUNT] Periodic at 103600052 delta = 100012 elapsed time = 04:06:29
[STOPBYICOUNT] Periodic at 103700026 delta = 99974 elapsed time = 04:06:42
[STOPBYICOUNT] Periodic at 103800045 delta = 100019 elapsed time = 04:07:00
[STOPBYICOUNT] Periodic at 103900030 delta = 99985 elapsed time = 04:07:15
[STOPBYICOUNT] Periodic at 104000037 delta = 100007 elapsed time = 04:07:29
[STOPBYICOUNT] Periodic at 104100048 delta = 100011 elapsed time = 04:07:44
[STOPBYICOUNT] Periodic at 104200038 delta = 99990 elapsed time = 04:07:59
[STOPBYICOUNT] Periodic at 104300029 delta = 99991 elapsed time = 04:08:17
[STOPBYICOUNT] Periodic at 104400029 delta = 100000 elapsed time = 04:08:29
[STOPBYICOUNT] Periodic at 104500045 delta = 100016 elapsed time = 04:08:44
[STOPBYICOUNT] Periodic at 104600033 delta = 99988 elapsed time = 04:08:58
[STOPBYICOUNT] Periodic at 104700020 delta = 99987 elapsed time = 04:09:14
[STOPBYICOUNT] Periodic at 104800018 delta = 99998 elapsed time = 04:09:27
[STOPBYICOUNT] Periodic at 104900025 delta = 100007 elapsed time = 04:09:41
[STOPBYICOUNT] Periodic at 105000029 delta = 100004 elapsed time = 04:09:57
[STOPBYICOUNT] Periodic at 105100036 delta = 100007 elapsed time = 04:10:12
[STOPBYICOUNT] Periodic at 105200031 delta = 99995 elapsed time = 04:10:25
[STOPBYICOUNT] Periodic at 105300027 delta = 99996 elapsed time = 04:10:39
[STOPBYICOUNT] Periodic at 105400040 delta = 100013 elapsed time = 04:10:57
[STOPBYICOUNT] Periodic at 105500031 delta = 99991 elapsed time = 04:11:11
[STOPBYICOUNT] Periodic at 105600037 delta = 100006 elapsed time = 04:11:26
[STOPBYICOUNT] Periodic at 105700045 delta = 100008 elapsed time = 04:11:42
[STOPBYICOUNT] Periodic at 105800024 delta = 99979 elapsed time = 04:11:55
[STOPBYICOUNT] Periodic at 105900048 delta = 100024 elapsed time = 04:12:10
[STOPBYICOUNT] Periodic at 106000032 delta = 99984 elapsed time = 04:12:26
[STOPBYICOUNT] Periodic at 106100022 delta = 99990 elapsed time = 04:12:40
[STOPBYICOUNT] Periodic at 106200028 delta = 100006 elapsed time = 04:12:54
[STOPBYICOUNT] Periodic at 106300032 delta = 100004 elapsed time = 04:13:09
[STOPBYICOUNT] Periodic at 106400036 delta = 100004 elapsed time = 04:13:26
[STOPBYICOUNT] Periodic at 106500037 delta = 100001 elapsed time = 04:13:39
[STOPBYICOUNT] Periodic at 106600022 delta = 99985 elapsed time = 04:13:52
[STOPBYICOUNT] Periodic at 106700026 delta = 100004 elapsed time = 04:14:06
[STOPBYICOUNT] Periodic at 106800038 delta = 100012 elapsed time = 04:14:23
[STOPBYICOUNT] Periodic at 106900035 delta = 99997 elapsed time = 04:14:37
[STOPBYICOUNT] Periodic at 107000023 delta = 99988 elapsed time = 04:14:50
[STOPBYICOUNT] Periodic at 107100026 delta = 100003 elapsed time = 04:15:05
[STOPBYICOUNT] Periodic at 107200034 delta = 100008 elapsed time = 04:15:20
[STOPBYICOUNT] Periodic at 107300036 delta = 100002 elapsed time = 04:15:39
[STOPBYICOUNT] Periodic at 107400029 delta = 99993 elapsed time = 04:15:52
[STOPBYICOUNT] Periodic at 107500036 delta = 100007 elapsed time = 04:16:07
[STOPBYICOUNT] Periodic at 107600043 delta = 100007 elapsed time = 04:16:20
[STOPBYICOUNT] Periodic at 107700039 delta = 99996 elapsed time = 04:16:38
[STOPBYICOUNT] Periodic at 107800033 delta = 99994 elapsed time = 04:16:52
[STOPBYICOUNT] Periodic at 107900019 delta = 99986 elapsed time = 04:17:07
[STOPBYICOUNT] Periodic at 108000029 delta = 100010 elapsed time = 04:17:24
[STOPBYICOUNT] Periodic at 108100033 delta = 100004 elapsed time = 04:17:37
[STOPBYICOUNT] Periodic at 108200026 delta = 99993 elapsed time = 04:17:50
[STOPBYICOUNT] Periodic at 108300034 delta = 100008 elapsed time = 04:18:03
[STOPBYICOUNT] Periodic at 108400028 delta = 99994 elapsed time = 04:18:20
[STOPBYICOUNT] Periodic at 108500024 delta = 99996 elapsed time = 04:18:35
[STOPBYICOUNT] Periodic at 108600048 delta = 100024 elapsed time = 04:18:47
[STOPBYICOUNT] Periodic at 108700031 delta = 99983 elapsed time = 04:19:01
[STOPBYICOUNT] Periodic at 108800034 delta = 100003 elapsed time = 04:19:18
[STOPBYICOUNT] Periodic at 108900026 delta = 99992 elapsed time = 04:19:34
[STOPBYICOUNT] Periodic at 109000028 delta = 100002 elapsed time = 04:19:48
[STOPBYICOUNT] Periodic at 109100054 delta = 100026 elapsed time = 04:20:04
[STOPBYICOUNT] Periodic at 109200015 delta = 99961 elapsed time = 04:20:17
[STOPBYICOUNT] Periodic at 109300032 delta = 100017 elapsed time = 04:20:35
[STOPBYICOUNT] Periodic at 109400028 delta = 99996 elapsed time = 04:20:47
[STOPBYICOUNT] Periodic at 109500026 delta = 99998 elapsed time = 04:21:03
[STOPBYICOUNT] Periodic at 109600034 delta = 100008 elapsed time = 04:21:18
[STOPBYICOUNT] Periodic at 109700022 delta = 99988 elapsed time = 04:21:35
[STOPBYICOUNT] Periodic at 109800019 delta = 99997 elapsed time = 04:21:50
[STOPBYICOUNT] Periodic at 109900024 delta = 100005 elapsed time = 04:22:05
[STOPBYICOUNT] Periodic at 110000035 delta = 100011 elapsed time = 04:22:18
[STOPBYICOUNT] Periodic at 110100041 delta = 100006 elapsed time = 04:22:36
[STOPBYICOUNT] Periodic at 110200016 delta = 99975 elapsed time = 04:22:50
[STOPBYICOUNT] Periodic at 110300020 delta = 100004 elapsed time = 04:23:07
[STOPBYICOUNT] Periodic at 110400022 delta = 100002 elapsed time = 04:23:20
[STOPBYICOUNT] Periodic at 110500047 delta = 100025 elapsed time = 04:23:37
[STOPBYICOUNT] Periodic at 110600031 delta = 99984 elapsed time = 04:23:50
