[SNIPER] (0) Using trace file /root/codes/Victima/traces/gen.sift
[SNIPER] Start here
True
[SNIPER] Running ['bash', '-c', '/root/codes/Victima/sniper/lib/sniper -c /root/codes/Victima/sniper/config/base.cfg --general/total_cores=1 --general/output_dir=/root/codes/UniNDP-virtuoso/test/NDP-HBM/1core/gen -g --traceinput/mirror_output=true --config=/root/codes/Victima/sniper/config/nehalem.cfg --config=/root/codes/Victima/sniper/config/utopia_motivation_baseline.cfg --config=/root/codes/Victima/sniper/config/virtual_memory_configs/common_translation.cfg --config=/root/codes/Victima/sniper/config/UniNDP/configs/UniNDP_baseline_NDP.cfg --config=/root/codes/Victima/sniper/config/UniNDP/NDP/baseline_NDP_1core_hbm.cfg -g --traceinput/stop_with_first_app=true -g --traceinput/restart_apps=false -g --traceinput/enabled=true -g --traceinput/emulate_syscalls=false -g --traceinput/num_apps=1 -g --traceinput/thread_0=/root/codes/Victima/traces/gen.sift']
<subprocess.Popen object at 0x1501e3a64c10>
Starting simLet's load config
config_path
Allocating Simulator
Hello from simulator's constructor
Hello from simulator
Supporting 2page sizes: 12, 21, POTM Latency: 0
Creating pwc_L4 cache with 4 sets, 4-way associative, 8B blocksize
Creating pwc_L3 cache with 4 sets, 4-way associative, 8B blocksize
Creating pwc_L2 cache with 8 sets, 4-way associative, 8B blocksize
0
0
60
100
Registered special metric: ptw_latency_heatmap
Creating stlb_cache cache with 128 sets, 12-way associative, 4096B blocksize
Creating itlb_cache cache with 16 sets, 8-way associative, 4096B blocksize
Creating dtlb_cache cache with 16 sets, 4-way associative, 4096B blocksize
Registered special metric: L2_TLB_miss_per_page
Registering cache time series
Registered special metric: cache_timeseries
Creating nuca-cache cache with 1 sets, 16-way associative, 64B blocksize
Attaching Nuca to PTW
Core : 0
Directory type : limited_no_broadcast
Total Entries : 33554432
Associativity : 16
Cache Block Size : 64
Max hw sharers : 64
Max Num Sharers : 1
Initializing cache L 2
Creating L1-I cache with 64 sets, 8-way associative, 64B blocksize
Initializing cache L 3
Creating L1-D cache with 64 sets, 8-way associative, 64B blocksize
Initializing cache L 4
Creating L2 cache with 1 sets, 16-way associative, 64B blocksize
[SNIPER] --------------------------------------------------------------------------------
[SNIPER] Sniper using SIFT/trace-driven frontend
[SNIPER] Running full application in DETAILED mode
[SNIPER] --------------------------------------------------------------------------------
[SNIPER] Enabling performance models
[SNIPER] Setting instrumentation mode to DETAILED
[TRACE:0] -- DONE --
[SNIPER] Disabling performance models
[SNIPER] Leaving ROI after 20789.66 seconds
[SNIPER] Simulated 800.0M instructions, 21940.2M cycles, 0.04 IPC
[SNIPER] Simulation speed 38.5 KIPS (38.5 KIPS / target core - 25987.2ns/instr)
[SNIPER] Setting instrumentation mode to FAST_FORWARD
Logging L2 TLB miss per page
Logging PTW latency heatmap
Logging Nuca ptw data
Logging Nuca ptw data security
Logging Nuca ptw data expressive
Logging Nuca tlb entries
Logging l1_dcache data
Logging l1d_cache tlb entries
Logging l2_cache data
Logging l2_cache tlb entries
Logging l1_dcache data security
Logging l2_cache data security
Logging l1_dcache data expressive
Logging l2_cache data expressive
74974 0
inside nested try
inside try
0
[SNIPER] End
[SNIPER] Elapsed time: 20793.54 seconds
